<?xml version="1.0" encoding="UTF-8" standalone="yes"?><!DOCTYPE report PUBLIC "-//JACOCO//DTD Report 1.1//EN" "report.dtd"><report name="coverage"><sessioninfo id="dilhasha-b975b988" start="1677604951020" dump="1677604952595"/><package name="dilhashanazeer/proj2/0/types"><class name="dilhashanazeer/proj2/0/types/$_types"><method name="$createTypeConstants" desc="()V"><counter type="INSTRUCTION" missed="11" covered="0"/><counter type="COMPLEXITY" missed="1" covered="0"/><counter type="METHOD" missed="1" covered="0"/></method><method name="$createTypeInstances" desc="()V"><counter type="INSTRUCTION" missed="1" covered="0"/><counter type="COMPLEXITY" missed="1" covered="0"/><counter type="METHOD" missed="1" covered="0"/></method><method name="$createTypes" desc="()V"><counter type="INSTRUCTION" missed="3" covered="0"/><counter type="COMPLEXITY" missed="1" covered="0"/><counter type="METHOD" missed="1" covered="0"/></method><counter type="INSTRUCTION" missed="15" covered="0"/><counter type="COMPLEXITY" missed="3" covered="0"/><counter type="METHOD" missed="3" covered="0"/><counter type="CLASS" missed="1" covered="0"/></class><class name="dilhashanazeer/proj2/0/types/$_record_types"/><class name="dilhashanazeer/proj2/0/types/$_tuple_types"/><class name="dilhashanazeer/proj2/0/types/$_union_types"/><class name="dilhashanazeer/proj2/0/types/$_object_types"/><class name="dilhashanazeer/proj2/0/types/$_anon_types"><method name="getAnonType" desc="(ILjava/lang/String;)Lio/ballerina/runtime/api/types/Type;"><counter type="INSTRUCTION" missed="12" covered="0"/><counter type="COMPLEXITY" missed="1" covered="0"/><counter type="METHOD" missed="1" covered="0"/></method><counter type="INSTRUCTION" missed="12" covered="0"/><counter type="COMPLEXITY" missed="1" covered="0"/><counter type="METHOD" missed="1" covered="0"/><counter type="CLASS" missed="1" covered="0"/></class><class name="dilhashanazeer/proj2/0/types/$_error_types"/><counter type="INSTRUCTION" missed="27" covered="0"/><counter type="COMPLEXITY" missed="4" covered="0"/><counter type="METHOD" missed="4" covered="0"/><counter type="CLASS" missed="2" covered="0"/></package><package name="dilhashanazeer/proj1/0/types"><class name="dilhashanazeer/proj1/0/types/$_union_types"/><class name="dilhashanazeer/proj1/0/types/$_anon_types"><method name="getAnonType" desc="(ILjava/lang/String;)Lio/ballerina/runtime/api/types/Type;"><counter type="INSTRUCTION" missed="12" covered="0"/><counter type="COMPLEXITY" missed="1" covered="0"/><counter type="METHOD" missed="1" covered="0"/></method><counter type="INSTRUCTION" missed="12" covered="0"/><counter type="COMPLEXITY" missed="1" covered="0"/><counter type="METHOD" missed="1" covered="0"/><counter type="CLASS" missed="1" covered="0"/></class><class name="dilhashanazeer/proj1/0/types/$_record_types"/><class name="dilhashanazeer/proj1/0/types/$_types"><method name="$createTypeConstants" desc="()V"><counter type="INSTRUCTION" missed="0" covered="11"/><counter type="COMPLEXITY" missed="0" covered="1"/><counter type="METHOD" missed="0" covered="1"/></method><method name="$createTypeInstances" desc="()V"><counter type="INSTRUCTION" missed="0" covered="1"/><counter type="COMPLEXITY" missed="0" covered="1"/><counter type="METHOD" missed="0" covered="1"/></method><method name="$createTypes" desc="()V"><counter type="INSTRUCTION" missed="0" covered="3"/><counter type="COMPLEXITY" missed="0" covered="1"/><counter type="METHOD" missed="0" covered="1"/></method><counter type="INSTRUCTION" missed="0" covered="15"/><counter type="COMPLEXITY" missed="0" covered="3"/><counter type="METHOD" missed="0" covered="3"/><counter type="CLASS" missed="0" covered="1"/></class><class name="dilhashanazeer/proj1/0/types/$_object_types"/><class name="dilhashanazeer/proj1/0/types/$_tuple_types"/><class name="dilhashanazeer/proj1/0/types/$_error_types"/><counter type="INSTRUCTION" missed="12" covered="15"/><counter type="COMPLEXITY" missed="1" covered="3"/><counter type="METHOD" missed="1" covered="3"/><counter type="CLASS" missed="1" covered="1"/></package><package name="dilhashanazeer/proj2$test/0/types"><class name="dilhashanazeer/proj2$test/0/types/$_types"><method name="$createTypeConstants" desc="()V"><counter type="INSTRUCTION" missed="11" covered="0"/><counter type="COMPLEXITY" missed="1" covered="0"/><counter type="METHOD" missed="1" covered="0"/></method><method name="$createTypeInstances" desc="()V"><counter type="INSTRUCTION" missed="1" covered="0"/><counter type="COMPLEXITY" missed="1" covered="0"/><counter type="METHOD" missed="1" covered="0"/></method><method name="$createTypes" desc="()V"><counter type="INSTRUCTION" missed="3" covered="0"/><counter type="COMPLEXITY" missed="1" covered="0"/><counter type="METHOD" missed="1" covered="0"/></method><counter type="INSTRUCTION" missed="15" covered="0"/><counter type="COMPLEXITY" missed="3" covered="0"/><counter type="METHOD" missed="3" covered="0"/><counter type="CLASS" missed="1" covered="0"/></class><class name="dilhashanazeer/proj2$test/0/types/$_error_types"/><class name="dilhashanazeer/proj2$test/0/types/$_tuple_types"/><class name="dilhashanazeer/proj2$test/0/types/$_record_types"/><class name="dilhashanazeer/proj2$test/0/types/$_anon_types"><method name="getAnonType" desc="(ILjava/lang/String;)Lio/ballerina/runtime/api/types/Type;"><counter type="INSTRUCTION" missed="12" covered="0"/><counter type="COMPLEXITY" missed="1" covered="0"/><counter type="METHOD" missed="1" covered="0"/></method><counter type="INSTRUCTION" missed="12" covered="0"/><counter type="COMPLEXITY" missed="1" covered="0"/><counter type="METHOD" missed="1" covered="0"/><counter type="CLASS" missed="1" covered="0"/></class><class name="dilhashanazeer/proj2$test/0/types/$_object_types"/><class name="dilhashanazeer/proj2$test/0/types/$_union_types"/><counter type="INSTRUCTION" missed="27" covered="0"/><counter type="COMPLEXITY" missed="4" covered="0"/><counter type="METHOD" missed="4" covered="0"/><counter type="CLASS" missed="2" covered="0"/></package><package name="dilhashanazeer/proj2/0/annotations"><class name="dilhashanazeer/proj2/0/annotations/$_annotations"><method name="$process_annotations0" desc="()V"><counter type="INSTRUCTION" missed="1" covered="0"/><counter type="COMPLEXITY" missed="1" covered="0"/><counter type="METHOD" missed="1" covered="0"/></method><method name="$process_annotations" desc="()V"><counter type="INSTRUCTION" missed="2" covered="0"/><counter type="COMPLEXITY" missed="1" covered="0"/><counter type="METHOD" missed="1" covered="0"/></method><counter type="INSTRUCTION" missed="3" covered="0"/><counter type="COMPLEXITY" missed="2" covered="0"/><counter type="METHOD" missed="2" covered="0"/><counter type="CLASS" missed="1" covered="0"/></class><counter type="INSTRUCTION" missed="3" covered="0"/><counter type="COMPLEXITY" missed="2" covered="0"/><counter type="METHOD" missed="2" covered="0"/><counter type="CLASS" missed="1" covered="0"/></package><package name="dilhashanazeer/proj2/0/creators"><class name="dilhashanazeer/proj2/0/creators/$_objects"><method name="&lt;clinit&gt;" desc="()V"><counter type="INSTRUCTION" missed="10" covered="0"/><counter type="COMPLEXITY" missed="1" covered="0"/><counter type="METHOD" missed="1" covered="0"/></method><method name="createObjectValue" desc="(Ljava/lang/String;Lio/ballerina/runtime/internal/scheduling/Scheduler;Lio/ballerina/runtime/internal/scheduling/Strand;Ljava/util/Map;[Ljava/lang/Object;)Lio/ballerina/runtime/api/values/BObject;"><counter type="INSTRUCTION" missed="12" covered="0"/><counter type="COMPLEXITY" missed="1" covered="0"/><counter type="METHOD" missed="1" covered="0"/></method><counter type="INSTRUCTION" missed="22" covered="0"/><counter type="COMPLEXITY" missed="2" covered="0"/><counter type="METHOD" missed="2" covered="0"/><counter type="CLASS" missed="1" covered="0"/></class><class name="dilhashanazeer/proj2/0/creators/$_errors"><method name="createErrorValue" desc="(Ljava/lang/String;Lio/ballerina/runtime/api/values/BString;Lio/ballerina/runtime/api/values/BError;Ljava/lang/Object;)Lio/ballerina/runtime/api/values/BError;"><counter type="INSTRUCTION" missed="12" covered="0"/><counter type="COMPLEXITY" missed="1" covered="0"/><counter type="METHOD" missed="1" covered="0"/></method><counter type="INSTRUCTION" missed="12" covered="0"/><counter type="COMPLEXITY" missed="1" covered="0"/><counter type="METHOD" missed="1" covered="0"/><counter type="CLASS" missed="1" covered="0"/></class><class name="dilhashanazeer/proj2/0/creators/$_function_calls"><method name="call" desc="(Lio/ballerina/runtime/internal/scheduling/Strand;Ljava/lang/String;[Ljava/lang/Object;)Ljava/lang/Object;"><counter type="INSTRUCTION" missed="113" covered="0"/><counter type="BRANCH" missed="25" covered="0"/><counter type="COMPLEXITY" missed="17" covered="0"/><counter type="METHOD" missed="1" covered="0"/></method><counter type="INSTRUCTION" missed="113" covered="0"/><counter type="BRANCH" missed="25" covered="0"/><counter type="COMPLEXITY" missed="17" covered="0"/><counter type="METHOD" missed="1" covered="0"/><counter type="CLASS" missed="1" covered="0"/></class><class name="dilhashanazeer/proj2/0/creators/$_records"><method name="&lt;clinit&gt;" desc="()V"><counter type="INSTRUCTION" missed="10" covered="0"/><counter type="COMPLEXITY" missed="1" covered="0"/><counter type="METHOD" missed="1" covered="0"/></method><method name="createRecordValue" desc="(Ljava/lang/String;)Lio/ballerina/runtime/internal/values/MapValue;"><counter type="INSTRUCTION" missed="12" covered="0"/><counter type="COMPLEXITY" missed="1" covered="0"/><counter type="METHOD" missed="1" covered="0"/></method><counter type="INSTRUCTION" missed="22" covered="0"/><counter type="COMPLEXITY" missed="2" covered="0"/><counter type="METHOD" missed="2" covered="0"/><counter type="CLASS" missed="1" covered="0"/></class><counter type="INSTRUCTION" missed="169" covered="0"/><counter type="BRANCH" missed="25" covered="0"/><counter type="COMPLEXITY" missed="22" covered="0"/><counter type="METHOD" missed="6" covered="0"/><counter type="CLASS" missed="4" covered="0"/></package><package name="dilhashanazeer/proj1/0/annotations"><class name="dilhashanazeer/proj1/0/annotations/$_annotations"><method name="$process_annotations0" desc="()V"><counter type="INSTRUCTION" missed="0" covered="1"/><counter type="COMPLEXITY" missed="0" covered="1"/><counter type="METHOD" missed="0" covered="1"/></method><method name="$process_annotations" desc="()V"><counter type="INSTRUCTION" missed="0" covered="2"/><counter type="COMPLEXITY" missed="0" covered="1"/><counter type="METHOD" missed="0" covered="1"/></method><counter type="INSTRUCTION" missed="0" covered="3"/><counter type="COMPLEXITY" missed="0" covered="2"/><counter type="METHOD" missed="0" covered="2"/><counter type="CLASS" missed="0" covered="1"/></class><counter type="INSTRUCTION" missed="0" covered="3"/><counter type="COMPLEXITY" missed="0" covered="2"/><counter type="METHOD" missed="0" covered="2"/><counter type="CLASS" missed="0" covered="1"/></package><package name="dilhashanazeer/proj2$test/0/constants"><class name="dilhashanazeer/proj2$test/0/constants/$_tuple_type_constants"><method name="$tuple_type_init" desc="()V"><counter type="INSTRUCTION" missed="1" covered="0"/><counter type="COMPLEXITY" missed="1" covered="0"/><counter type="METHOD" missed="1" covered="0"/></method><method name="$populate_tuple_types" desc="()V"><counter type="INSTRUCTION" missed="1" covered="0"/><counter type="COMPLEXITY" missed="1" covered="0"/><counter type="METHOD" missed="1" covered="0"/></method><counter type="INSTRUCTION" missed="2" covered="0"/><counter type="COMPLEXITY" missed="2" covered="0"/><counter type="METHOD" missed="2" covered="0"/><counter type="CLASS" missed="1" covered="0"/></class><class name="dilhashanazeer/proj2$test/0/constants/$_union_type_constants"><method name="$union_type_init" desc="()V"><counter type="INSTRUCTION" missed="19" covered="0"/><counter type="COMPLEXITY" missed="1" covered="0"/><counter type="METHOD" missed="1" covered="0"/></method><method name="$populate$unionType0" desc="()V"><counter type="INSTRUCTION" missed="21" covered="0"/><counter type="COMPLEXITY" missed="1" covered="0"/><counter type="METHOD" missed="1" covered="0"/></method><method name="createMembers$$unionType00" desc="([Lio/ballerina/runtime/api/types/Type;)V"><counter type="INSTRUCTION" missed="11" covered="0"/><counter type="COMPLEXITY" missed="1" covered="0"/><counter type="METHOD" missed="1" covered="0"/></method><method name="createMembers$original$unionType00" desc="([Lio/ballerina/runtime/api/types/Type;)V"><counter type="INSTRUCTION" missed="11" covered="0"/><counter type="COMPLEXITY" missed="1" covered="0"/><counter type="METHOD" missed="1" covered="0"/></method><method name="$populate$unionType1" desc="()V"><counter type="INSTRUCTION" missed="21" covered="0"/><counter type="COMPLEXITY" missed="1" covered="0"/><counter type="METHOD" missed="1" covered="0"/></method><method name="createMembers$$unionType10" desc="([Lio/ballerina/runtime/api/types/Type;)V"><counter type="INSTRUCTION" missed="11" covered="0"/><counter type="COMPLEXITY" missed="1" covered="0"/><counter type="METHOD" missed="1" covered="0"/></method><method name="createMembers$original$unionType10" desc="([Lio/ballerina/runtime/api/types/Type;)V"><counter type="INSTRUCTION" missed="11" covered="0"/><counter type="COMPLEXITY" missed="1" covered="0"/><counter type="METHOD" missed="1" covered="0"/></method><method name="$populate_union_types" desc="()V"><counter type="INSTRUCTION" missed="3" covered="0"/><counter type="COMPLEXITY" missed="1" covered="0"/><counter type="METHOD" missed="1" covered="0"/></method><counter type="INSTRUCTION" missed="108" covered="0"/><counter type="COMPLEXITY" missed="8" covered="0"/><counter type="METHOD" missed="8" covered="0"/><counter type="CLASS" missed="1" covered="0"/></class><class name="dilhashanazeer/proj2$test/0/constants/$_string_constants_0"><method name="$string_init" desc="()V"><counter type="INSTRUCTION" missed="11" covered="0"/><counter type="COMPLEXITY" missed="1" covered="0"/><counter type="METHOD" missed="1" covered="0"/></method><method name="&lt;clinit&gt;" desc="()V"><counter type="INSTRUCTION" missed="2" covered="0"/><counter type="COMPLEXITY" missed="1" covered="0"/><counter type="METHOD" missed="1" covered="0"/></method><counter type="INSTRUCTION" missed="13" covered="0"/><counter type="COMPLEXITY" missed="2" covered="0"/><counter type="METHOD" missed="2" covered="0"/><counter type="CLASS" missed="1" covered="0"/></class><class name="dilhashanazeer/proj2$test/0/constants/$_error_type_constants"><method name="$error_type_init" desc="()V"><counter type="INSTRUCTION" missed="1" covered="0"/><counter type="COMPLEXITY" missed="1" covered="0"/><counter type="METHOD" missed="1" covered="0"/></method><method name="$populate_error_typeS" desc="()V"><counter type="INSTRUCTION" missed="1" covered="0"/><counter type="COMPLEXITY" missed="1" covered="0"/><counter type="METHOD" missed="1" covered="0"/></method><counter type="INSTRUCTION" missed="2" covered="0"/><counter type="COMPLEXITY" missed="2" covered="0"/><counter type="METHOD" missed="2" covered="0"/><counter type="CLASS" missed="1" covered="0"/></class><class name="dilhashanazeer/proj2$test/0/constants/$_typeref_type_constants"><method name="$typeref_type_init" desc="()V"><counter type="INSTRUCTION" missed="1" covered="0"/><counter type="COMPLEXITY" missed="1" covered="0"/><counter type="METHOD" missed="1" covered="0"/></method><method name="$populate_typeref_types" desc="()V"><counter type="INSTRUCTION" missed="1" covered="0"/><counter type="COMPLEXITY" missed="1" covered="0"/><counter type="METHOD" missed="1" covered="0"/></method><counter type="INSTRUCTION" missed="2" covered="0"/><counter type="COMPLEXITY" missed="2" covered="0"/><counter type="METHOD" missed="2" covered="0"/><counter type="CLASS" missed="1" covered="0"/></class><class name="dilhashanazeer/proj2$test/0/constants/$_module_constants"><method name="$module_init0" desc="()V"><counter type="INSTRUCTION" missed="17" covered="0"/><counter type="COMPLEXITY" missed="1" covered="0"/><counter type="METHOD" missed="1" covered="0"/></method><method name="&lt;clinit&gt;" desc="()V"><counter type="INSTRUCTION" missed="2" covered="0"/><counter type="COMPLEXITY" missed="1" covered="0"/><counter type="METHOD" missed="1" covered="0"/></method><counter type="INSTRUCTION" missed="19" covered="0"/><counter type="COMPLEXITY" missed="2" covered="0"/><counter type="METHOD" missed="2" covered="0"/><counter type="CLASS" missed="1" covered="0"/></class><class name="dilhashanazeer/proj2$test/0/constants/$_array_type_constants"><method name="$array_type_init" desc="()V"><counter type="INSTRUCTION" missed="1" covered="0"/><counter type="COMPLEXITY" missed="1" covered="0"/><counter type="METHOD" missed="1" covered="0"/></method><method name="$populate_array_types" desc="()V"><counter type="INSTRUCTION" missed="1" covered="0"/><counter type="COMPLEXITY" missed="1" covered="0"/><counter type="METHOD" missed="1" covered="0"/></method><counter type="INSTRUCTION" missed="2" covered="0"/><counter type="COMPLEXITY" missed="2" covered="0"/><counter type="METHOD" missed="2" covered="0"/><counter type="CLASS" missed="1" covered="0"/></class><counter type="INSTRUCTION" missed="148" covered="0"/><counter type="COMPLEXITY" missed="20" covered="0"/><counter type="METHOD" missed="20" covered="0"/><counter type="CLASS" missed="7" covered="0"/></package><package name="proj2"><class name="proj2/main" sourcefilename="main.bal"><method name="&lt;init&gt;" desc="()V"><counter type="INSTRUCTION" missed="3" covered="0"/><counter type="METHOD" missed="1" covered="0"/></method><method name="sum" desc="(Lio/ballerina/runtime/internal/scheduling/Strand;JJ)J" line="4"><counter type="INSTRUCTION" missed="136" covered="0"/><counter type="BRANCH" missed="11" covered="0"/><counter type="LINE" missed="2" covered="0"/><counter type="METHOD" missed="1" covered="0"/></method><method name="sum2" desc="(Lio/ballerina/runtime/internal/scheduling/Strand;JJ)J" line="8"><counter type="INSTRUCTION" missed="136" covered="0"/><counter type="BRANCH" missed="11" covered="0"/><counter type="LINE" missed="2" covered="0"/><counter type="METHOD" missed="1" covered="0"/></method><method name="sum3" desc="(Lio/ballerina/runtime/internal/scheduling/Strand;JJ)J" line="12"><counter type="INSTRUCTION" missed="136" covered="0"/><counter type="BRANCH" missed="11" covered="0"/><counter type="LINE" missed="2" covered="0"/><counter type="METHOD" missed="1" covered="0"/></method><counter type="INSTRUCTION" missed="411" covered="0"/><counter type="BRANCH" missed="33" covered="0"/><counter type="LINE" missed="6" covered="0"/><counter type="METHOD" missed="4" covered="0"/><counter type="CLASS" missed="1" covered="0"/></class><sourcefile name="main.bal"><line nr="4" mi="22" ci="0" mb="2" cb="0"/><line nr="5" mi="80" ci="0" mb="0" cb="0"/><line nr="8" mi="22" ci="0" mb="2" cb="0"/><line nr="9" mi="80" ci="0" mb="0" cb="0"/><line nr="12" mi="22" ci="0" mb="2" cb="0"/><line nr="13" mi="80" ci="0" mb="0" cb="0"/><counter type="INSTRUCTION" missed="411" covered="0"/><counter type="BRANCH" missed="33" covered="0"/><counter type="LINE" missed="6" covered="0"/><counter type="METHOD" missed="4" covered="0"/><counter type="CLASS" missed="1" covered="0"/></sourcefile><counter type="INSTRUCTION" missed="411" covered="0"/><counter type="BRANCH" missed="33" covered="0"/><counter type="LINE" missed="6" covered="0"/><counter type="METHOD" missed="4" covered="0"/><counter type="CLASS" missed="1" covered="0"/></package><package name="dilhashanazeer/proj2$test/0"><class name="dilhashanazeer/proj2$test/0/$configurationMapper"><method name="$configureInit" desc="([Ljava/lang/String;[Ljava/nio/file/Path;Ljava/lang/String;)V"><counter type="INSTRUCTION" missed="416" covered="0"/><counter type="BRANCH" missed="90" covered="0"/><counter type="COMPLEXITY" missed="46" covered="0"/><counter type="METHOD" missed="1" covered="0"/></method><method name="$initAndPopulateConfigData" desc="()[Lio/ballerina/runtime/internal/configurable/VariableKey;"><counter type="INSTRUCTION" missed="6" covered="0"/><counter type="COMPLEXITY" missed="1" covered="0"/><counter type="METHOD" missed="1" covered="0"/></method><counter type="INSTRUCTION" missed="422" covered="0"/><counter type="BRANCH" missed="90" covered="0"/><counter type="COMPLEXITY" missed="47" covered="0"/><counter type="METHOD" missed="2" covered="0"/><counter type="CLASS" missed="1" covered="0"/></class><counter type="INSTRUCTION" missed="422" covered="0"/><counter type="BRANCH" missed="90" covered="0"/><counter type="COMPLEXITY" missed="47" covered="0"/><counter type="METHOD" missed="2" covered="0"/><counter type="CLASS" missed="1" covered="0"/></package><package name="dilhashanazeer/proj2$test/0/annotations"><class name="dilhashanazeer/proj2$test/0/annotations/$_annotations"><method name="$process_annotations0" desc="()V"><counter type="INSTRUCTION" missed="1" covered="0"/><counter type="COMPLEXITY" missed="1" covered="0"/><counter type="METHOD" missed="1" covered="0"/></method><method name="$process_annotations" desc="()V"><counter type="INSTRUCTION" missed="2" covered="0"/><counter type="COMPLEXITY" missed="1" covered="0"/><counter type="METHOD" missed="1" covered="0"/></method><counter type="INSTRUCTION" missed="3" covered="0"/><counter type="COMPLEXITY" missed="2" covered="0"/><counter type="METHOD" missed="2" covered="0"/><counter type="CLASS" missed="1" covered="0"/></class><counter type="INSTRUCTION" missed="3" covered="0"/><counter type="COMPLEXITY" missed="2" covered="0"/><counter type="METHOD" missed="2" covered="0"/><counter type="CLASS" missed="1" covered="0"/></package><package name="dilhashanazeer/proj1/0/creators"><class name="dilhashanazeer/proj1/0/creators/$_objects"><method name="&lt;clinit&gt;" desc="()V"><counter type="INSTRUCTION" missed="10" covered="0"/><counter type="COMPLEXITY" missed="1" covered="0"/><counter type="METHOD" missed="1" covered="0"/></method><method name="createObjectValue" desc="(Ljava/lang/String;Lio/ballerina/runtime/internal/scheduling/Scheduler;Lio/ballerina/runtime/internal/scheduling/Strand;Ljava/util/Map;[Ljava/lang/Object;)Lio/ballerina/runtime/api/values/BObject;"><counter type="INSTRUCTION" missed="12" covered="0"/><counter type="COMPLEXITY" missed="1" covered="0"/><counter type="METHOD" missed="1" covered="0"/></method><counter type="INSTRUCTION" missed="22" covered="0"/><counter type="COMPLEXITY" missed="2" covered="0"/><counter type="METHOD" missed="2" covered="0"/><counter type="CLASS" missed="1" covered="0"/></class><class name="dilhashanazeer/proj1/0/creators/$_errors"><method name="createErrorValue" desc="(Ljava/lang/String;Lio/ballerina/runtime/api/values/BString;Lio/ballerina/runtime/api/values/BError;Ljava/lang/Object;)Lio/ballerina/runtime/api/values/BError;"><counter type="INSTRUCTION" missed="12" covered="0"/><counter type="COMPLEXITY" missed="1" covered="0"/><counter type="METHOD" missed="1" covered="0"/></method><counter type="INSTRUCTION" missed="12" covered="0"/><counter type="COMPLEXITY" missed="1" covered="0"/><counter type="METHOD" missed="1" covered="0"/><counter type="CLASS" missed="1" covered="0"/></class><class name="dilhashanazeer/proj1/0/creators/$_records"><method name="&lt;clinit&gt;" desc="()V"><counter type="INSTRUCTION" missed="10" covered="0"/><counter type="COMPLEXITY" missed="1" covered="0"/><counter type="METHOD" missed="1" covered="0"/></method><method name="createRecordValue" desc="(Ljava/lang/String;)Lio/ballerina/runtime/internal/values/MapValue;"><counter type="INSTRUCTION" missed="12" covered="0"/><counter type="COMPLEXITY" missed="1" covered="0"/><counter type="METHOD" missed="1" covered="0"/></method><counter type="INSTRUCTION" missed="22" covered="0"/><counter type="COMPLEXITY" missed="2" covered="0"/><counter type="METHOD" missed="2" covered="0"/><counter type="CLASS" missed="1" covered="0"/></class><class name="dilhashanazeer/proj1/0/creators/$_function_calls"><method name="call" desc="(Lio/ballerina/runtime/internal/scheduling/Strand;Ljava/lang/String;[Ljava/lang/Object;)Ljava/lang/Object;"><counter type="INSTRUCTION" missed="162" covered="0"/><counter type="BRANCH" missed="40" covered="0"/><counter type="COMPLEXITY" missed="27" covered="0"/><counter type="METHOD" missed="1" covered="0"/></method><counter type="INSTRUCTION" missed="162" covered="0"/><counter type="BRANCH" missed="40" covered="0"/><counter type="COMPLEXITY" missed="27" covered="0"/><counter type="METHOD" missed="1" covered="0"/><counter type="CLASS" missed="1" covered="0"/></class><counter type="INSTRUCTION" missed="218" covered="0"/><counter type="BRANCH" missed="40" covered="0"/><counter type="COMPLEXITY" missed="32" covered="0"/><counter type="METHOD" missed="6" covered="0"/><counter type="CLASS" missed="4" covered="0"/></package><package name="dilhashanazeer/proj2/0/constants"><class name="dilhashanazeer/proj2/0/constants/$_union_type_constants"><method name="$union_type_init" desc="()V"><counter type="INSTRUCTION" missed="1" covered="0"/><counter type="COMPLEXITY" missed="1" covered="0"/><counter type="METHOD" missed="1" covered="0"/></method><method name="$populate_union_types" desc="()V"><counter type="INSTRUCTION" missed="1" covered="0"/><counter type="COMPLEXITY" missed="1" covered="0"/><counter type="METHOD" missed="1" covered="0"/></method><counter type="INSTRUCTION" missed="2" covered="0"/><counter type="COMPLEXITY" missed="2" covered="0"/><counter type="METHOD" missed="2" covered="0"/><counter type="CLASS" missed="1" covered="0"/></class><class name="dilhashanazeer/proj2/0/constants/$_module_constants"><method name="$module_init0" desc="()V"><counter type="INSTRUCTION" missed="9" covered="0"/><counter type="COMPLEXITY" missed="1" covered="0"/><counter type="METHOD" missed="1" covered="0"/></method><method name="&lt;clinit&gt;" desc="()V"><counter type="INSTRUCTION" missed="2" covered="0"/><counter type="COMPLEXITY" missed="1" covered="0"/><counter type="METHOD" missed="1" covered="0"/></method><counter type="INSTRUCTION" missed="11" covered="0"/><counter type="COMPLEXITY" missed="2" covered="0"/><counter type="METHOD" missed="2" covered="0"/><counter type="CLASS" missed="1" covered="0"/></class><class name="dilhashanazeer/proj2/0/constants/$_error_type_constants"><method name="$error_type_init" desc="()V"><counter type="INSTRUCTION" missed="1" covered="0"/><counter type="COMPLEXITY" missed="1" covered="0"/><counter type="METHOD" missed="1" covered="0"/></method><method name="$populate_error_typeS" desc="()V"><counter type="INSTRUCTION" missed="1" covered="0"/><counter type="COMPLEXITY" missed="1" covered="0"/><counter type="METHOD" missed="1" covered="0"/></method><counter type="INSTRUCTION" missed="2" covered="0"/><counter type="COMPLEXITY" missed="2" covered="0"/><counter type="METHOD" missed="2" covered="0"/><counter type="CLASS" missed="1" covered="0"/></class><class name="dilhashanazeer/proj2/0/constants/$_typeref_type_constants"><method name="$typeref_type_init" desc="()V"><counter type="INSTRUCTION" missed="1" covered="0"/><counter type="COMPLEXITY" missed="1" covered="0"/><counter type="METHOD" missed="1" covered="0"/></method><method name="$populate_typeref_types" desc="()V"><counter type="INSTRUCTION" missed="1" covered="0"/><counter type="COMPLEXITY" missed="1" covered="0"/><counter type="METHOD" missed="1" covered="0"/></method><counter type="INSTRUCTION" missed="2" covered="0"/><counter type="COMPLEXITY" missed="2" covered="0"/><counter type="METHOD" missed="2" covered="0"/><counter type="CLASS" missed="1" covered="0"/></class><class name="dilhashanazeer/proj2/0/constants/$_array_type_constants"><method name="$array_type_init" desc="()V"><counter type="INSTRUCTION" missed="1" covered="0"/><counter type="COMPLEXITY" missed="1" covered="0"/><counter type="METHOD" missed="1" covered="0"/></method><method name="$populate_array_types" desc="()V"><counter type="INSTRUCTION" missed="1" covered="0"/><counter type="COMPLEXITY" missed="1" covered="0"/><counter type="METHOD" missed="1" covered="0"/></method><counter type="INSTRUCTION" missed="2" covered="0"/><counter type="COMPLEXITY" missed="2" covered="0"/><counter type="METHOD" missed="2" covered="0"/><counter type="CLASS" missed="1" covered="0"/></class><class name="dilhashanazeer/proj2/0/constants/$_tuple_type_constants"><method name="$tuple_type_init" desc="()V"><counter type="INSTRUCTION" missed="1" covered="0"/><counter type="COMPLEXITY" missed="1" covered="0"/><counter type="METHOD" missed="1" covered="0"/></method><method name="$populate_tuple_types" desc="()V"><counter type="INSTRUCTION" missed="1" covered="0"/><counter type="COMPLEXITY" missed="1" covered="0"/><counter type="METHOD" missed="1" covered="0"/></method><counter type="INSTRUCTION" missed="2" covered="0"/><counter type="COMPLEXITY" missed="2" covered="0"/><counter type="METHOD" missed="2" covered="0"/><counter type="CLASS" missed="1" covered="0"/></class><counter type="INSTRUCTION" missed="21" covered="0"/><counter type="COMPLEXITY" missed="12" covered="0"/><counter type="METHOD" missed="12" covered="0"/><counter type="CLASS" missed="6" covered="0"/></package><package name="dilhashanazeer/proj1/0"><class name="dilhashanazeer/proj1/0/main" sourcefilename="main.bal"><method name="&lt;init&gt;" desc="()V"><counter type="INSTRUCTION" missed="3" covered="0"/><counter type="METHOD" missed="1" covered="0"/></method><method name="intializeClient" desc="(Lio/ballerina/runtime/internal/scheduling/Strand;)Ljava/lang/Object;" line="9"><counter type="INSTRUCTION" missed="99" covered="111"/><counter type="BRANCH" missed="11" covered="5"/><counter type="LINE" missed="0" covered="2"/><counter type="METHOD" missed="0" covered="1"/></method><method name="getRandomJoke" desc="(Lio/ballerina/runtime/internal/scheduling/Strand;Lio/ballerina/runtime/api/values/BString;Lio/ballerina/runtime/api/values/BString;)Ljava/lang/Object;" line="15"><counter type="INSTRUCTION" missed="1416" covered="0"/><counter type="BRANCH" missed="131" covered="0"/><counter type="LINE" missed="13" covered="0"/><counter type="METHOD" missed="1" covered="0"/></method><method name="addInt" desc="(Lio/ballerina/runtime/internal/scheduling/Strand;JJ)J" line="41"><counter type="INSTRUCTION" missed="65" covered="39"/><counter type="BRANCH" missed="5" covered="3"/><counter type="LINE" missed="0" covered="2"/><counter type="METHOD" missed="0" covered="1"/></method><method name="$getRandomJoke_category" desc="(Lio/ballerina/runtime/internal/scheduling/Strand;Lio/ballerina/runtime/api/values/BString;)Lio/ballerina/runtime/api/values/BString;" line="14"><counter type="INSTRUCTION" missed="96" covered="0"/><counter type="BRANCH" missed="8" covered="0"/><counter type="LINE" missed="1" covered="0"/><counter type="METHOD" missed="1" covered="0"/></method><method name="$annot_func$_1" desc="(Lio/ballerina/runtime/internal/scheduling/Strand;)Lio/ballerina/runtime/internal/values/MapValue;" line="14"><counter type="INSTRUCTION" missed="53" covered="77"/><counter type="BRANCH" missed="5" covered="3"/><counter type="LINE" missed="0" covered="2"/><counter type="METHOD" missed="0" covered="1"/></method><method name="$annot_func$_0" desc="(Lio/ballerina/runtime/internal/scheduling/Strand;)Lio/ballerina/runtime/internal/values/MapValue;" line="14"><counter type="INSTRUCTION" missed="77" covered="79"/><counter type="BRANCH" missed="7" covered="4"/><counter type="LINE" missed="0" covered="2"/><counter type="METHOD" missed="0" covered="1"/></method><method name="$Client_Client_get_headers$lambda0$" desc="([Ljava/lang/Object;)Ljava/lang/Object;"><counter type="INSTRUCTION" missed="10" covered="0"/><counter type="METHOD" missed="1" covered="0"/></method><counter type="INSTRUCTION" missed="1819" covered="306"/><counter type="BRANCH" missed="167" covered="15"/><counter type="LINE" missed="12" covered="6"/><counter type="METHOD" missed="4" covered="4"/><counter type="CLASS" missed="0" covered="1"/></class><class name="dilhashanazeer/proj1/0/utils" sourcefilename="utils.bal"><method name="&lt;init&gt;" desc="()V"><counter type="INSTRUCTION" missed="3" covered="0"/><counter type="METHOD" missed="1" covered="0"/></method><method name="isCategoryAvailable" desc="(Lio/ballerina/runtime/internal/scheduling/Strand;Lio/ballerina/runtime/internal/values/ArrayValue;Lio/ballerina/runtime/api/values/BString;)Z" line="5"><counter type="INSTRUCTION" missed="265" covered="0"/><counter type="BRANCH" missed="26" covered="0"/><counter type="LINE" missed="5" covered="0"/><counter type="METHOD" missed="1" covered="0"/></method><method name="createError" desc="(Lio/ballerina/runtime/internal/scheduling/Strand;Lio/ballerina/runtime/api/values/BString;)Lio/ballerina/runtime/internal/values/ErrorValue;" line="15"><counter type="INSTRUCTION" missed="325" covered="0"/><counter type="BRANCH" missed="17" covered="0"/><counter type="LINE" missed="4" covered="0"/><counter type="METHOD" missed="1" covered="0"/></method><counter type="INSTRUCTION" missed="593" covered="0"/><counter type="BRANCH" missed="43" covered="0"/><counter type="LINE" missed="9" covered="0"/><counter type="METHOD" missed="3" covered="0"/><counter type="CLASS" missed="1" covered="0"/></class><class name="dilhashanazeer/proj1/0/$configurationMapper"><method name="$configureInit" desc="([Ljava/lang/String;[Ljava/nio/file/Path;Ljava/lang/String;)V"><counter type="INSTRUCTION" missed="380" covered="0"/><counter type="BRANCH" missed="82" covered="0"/><counter type="COMPLEXITY" missed="42" covered="0"/><counter type="METHOD" missed="1" covered="0"/></method><method name="$initAndPopulateConfigData" desc="()[Lio/ballerina/runtime/internal/configurable/VariableKey;"><counter type="INSTRUCTION" missed="0" covered="6"/><counter type="COMPLEXITY" missed="0" covered="1"/><counter type="METHOD" missed="0" covered="1"/></method><counter type="INSTRUCTION" missed="380" covered="6"/><counter type="BRANCH" missed="82" covered="0"/><counter type="COMPLEXITY" missed="42" covered="1"/><counter type="METHOD" missed="1" covered="1"/><counter type="CLASS" missed="0" covered="1"/></class><sourcefile name="main.bal"><line nr="9" mi="0" ci="72" mb="0" cb="4"/><line nr="10" mi="0" ci="92" mb="0" cb="0"/><line nr="14" mi="0" ci="147" mb="0" cb="2"/><line nr="15" mi="2" ci="0" mb="0" cb="0"/><line nr="16" mi="279" ci="0" mb="30" cb="0"/><line nr="20" mi="63" ci="0" mb="6" cb="0"/><line nr="22" mi="31" ci="0" mb="6" cb="0"/><line nr="23" mi="60" ci="0" mb="2" cb="0"/><line nr="24" mi="57" ci="0" mb="4" cb="0"/><line nr="25" mi="4" ci="0" mb="0" cb="0"/><line nr="30" mi="283" ci="0" mb="30" cb="0"/><line nr="32" mi="2" ci="0" mb="0" cb="0"/><line nr="33" mi="37" ci="0" mb="4" cb="0"/><line nr="35" mi="38" ci="0" mb="4" cb="0"/><line nr="36" mi="4" ci="0" mb="0" cb="0"/><line nr="38" mi="0" ci="537" mb="0" cb="0"/><line nr="41" mi="0" ci="6" mb="0" cb="0"/><line nr="42" mi="0" ci="68" mb="0" cb="0"/><counter type="INSTRUCTION" missed="1819" covered="306"/><counter type="BRANCH" missed="167" covered="15"/><counter type="LINE" missed="12" covered="6"/><counter type="METHOD" missed="4" covered="4"/><counter type="CLASS" missed="0" covered="1"/></sourcefile><sourcefile name="utils.bal"><line nr="5" mi="66" ci="0" mb="8" cb="0"/><line nr="6" mi="26" ci="0" mb="4" cb="0"/><line nr="7" mi="4" ci="0" mb="0" cb="0"/><line nr="10" mi="4" ci="0" mb="0" cb="0"/><line nr="11" mi="117" ci="0" mb="0" cb="0"/><line nr="15" mi="50" ci="0" mb="2" cb="0"/><line nr="16" mi="91" ci="0" mb="4" cb="0"/><line nr="17" mi="4" ci="0" mb="0" cb="0"/><line nr="18" mi="122" ci="0" mb="0" cb="0"/><counter type="INSTRUCTION" missed="593" covered="0"/><counter type="BRANCH" missed="43" covered="0"/><counter type="LINE" missed="9" covered="0"/><counter type="METHOD" missed="3" covered="0"/><counter type="CLASS" missed="1" covered="0"/></sourcefile><counter type="INSTRUCTION" missed="2792" covered="312"/><counter type="BRANCH" missed="292" covered="15"/><counter type="LINE" missed="21" covered="6"/><counter type="COMPLEXITY" missed="42" covered="1"/><counter type="METHOD" missed="8" covered="5"/><counter type="CLASS" missed="1" covered="2"/></package><package name="dilhashanazeer/proj1/0/constants"><class name="dilhashanazeer/proj1/0/constants/$_union_type_constants"><method name="$union_type_init" desc="()V"><counter type="INSTRUCTION" missed="0" covered="28"/><counter type="COMPLEXITY" missed="0" covered="1"/><counter type="METHOD" missed="0" covered="1"/></method><method name="$populate$unionType0" desc="()V"><counter type="INSTRUCTION" missed="0" covered="21"/><counter type="COMPLEXITY" missed="0" covered="1"/><counter type="METHOD" missed="0" covered="1"/></method><method name="createMembers$$unionType00" desc="([Lio/ballerina/runtime/api/types/Type;)V"><counter type="INSTRUCTION" missed="0" covered="15"/><counter type="COMPLEXITY" missed="0" covered="1"/><counter type="METHOD" missed="0" covered="1"/></method><method name="createMembers$original$unionType00" desc="([Lio/ballerina/runtime/api/types/Type;)V"><counter type="INSTRUCTION" missed="0" covered="15"/><counter type="COMPLEXITY" missed="0" covered="1"/><counter type="METHOD" missed="0" covered="1"/></method><method name="$populate$unionType1" desc="()V"><counter type="INSTRUCTION" missed="0" covered="21"/><counter type="COMPLEXITY" missed="0" covered="1"/><counter type="METHOD" missed="0" covered="1"/></method><method name="createMembers$$unionType10" desc="([Lio/ballerina/runtime/api/types/Type;)V"><counter type="INSTRUCTION" missed="0" covered="11"/><counter type="COMPLEXITY" missed="0" covered="1"/><counter type="METHOD" missed="0" covered="1"/></method><method name="createMembers$original$unionType10" desc="([Lio/ballerina/runtime/api/types/Type;)V"><counter type="INSTRUCTION" missed="0" covered="11"/><counter type="COMPLEXITY" missed="0" covered="1"/><counter type="METHOD" missed="0" covered="1"/></method><method name="$populate$unionType2" desc="()V"><counter type="INSTRUCTION" missed="0" covered="21"/><counter type="COMPLEXITY" missed="0" covered="1"/><counter type="METHOD" missed="0" covered="1"/></method><method name="createMembers$$unionType20" desc="([Lio/ballerina/runtime/api/types/Type;)V"><counter type="INSTRUCTION" missed="0" covered="16"/><counter type="COMPLEXITY" missed="0" covered="1"/><counter type="METHOD" missed="0" covered="1"/></method><method name="createMembers$original$unionType20" desc="([Lio/ballerina/runtime/api/types/Type;)V"><counter type="INSTRUCTION" missed="0" covered="16"/><counter type="COMPLEXITY" missed="0" covered="1"/><counter type="METHOD" missed="0" covered="1"/></method><method name="$populate_union_types" desc="()V"><counter type="INSTRUCTION" missed="0" covered="4"/><counter type="COMPLEXITY" missed="0" covered="1"/><counter type="METHOD" missed="0" covered="1"/></method><counter type="INSTRUCTION" missed="0" covered="179"/><counter type="COMPLEXITY" missed="0" covered="11"/><counter type="METHOD" missed="0" covered="11"/><counter type="CLASS" missed="0" covered="1"/></class><class name="dilhashanazeer/proj1/0/constants/$_array_type_constants"><method name="$array_type_init" desc="()V"><counter type="INSTRUCTION" missed="0" covered="28"/><counter type="COMPLEXITY" missed="0" covered="1"/><counter type="METHOD" missed="0" covered="1"/></method><method name="$populate$arrayType1" desc="()V"><counter type="INSTRUCTION" missed="0" covered="7"/><counter type="COMPLEXITY" missed="0" covered="1"/><counter type="METHOD" missed="0" covered="1"/></method><method name="$populate$arrayType2" desc="()V"><counter type="INSTRUCTION" missed="0" covered="7"/><counter type="COMPLEXITY" missed="0" covered="1"/><counter type="METHOD" missed="0" covered="1"/></method><method name="$populate_array_types" desc="()V"><counter type="INSTRUCTION" missed="0" covered="3"/><counter type="COMPLEXITY" missed="0" covered="1"/><counter type="METHOD" missed="0" covered="1"/></method><counter type="INSTRUCTION" missed="0" covered="45"/><counter type="COMPLEXITY" missed="0" covered="4"/><counter type="METHOD" missed="0" covered="4"/><counter type="CLASS" missed="0" covered="1"/></class><class name="dilhashanazeer/proj1/0/constants/$_tuple_type_constants"><method name="$tuple_type_init" desc="()V"><counter type="INSTRUCTION" missed="0" covered="1"/><counter type="COMPLEXITY" missed="0" covered="1"/><counter type="METHOD" missed="0" covered="1"/></method><method name="$populate_tuple_types" desc="()V"><counter type="INSTRUCTION" missed="0" covered="1"/><counter type="COMPLEXITY" missed="0" covered="1"/><counter type="METHOD" missed="0" covered="1"/></method><counter type="INSTRUCTION" missed="0" covered="2"/><counter type="COMPLEXITY" missed="0" covered="2"/><counter type="METHOD" missed="0" covered="2"/><counter type="CLASS" missed="0" covered="1"/></class><class name="dilhashanazeer/proj1/0/constants/$_string_constants_0"><method name="$string_init" desc="()V"><counter type="INSTRUCTION" missed="0" covered="86"/><counter type="COMPLEXITY" missed="0" covered="1"/><counter type="METHOD" missed="0" covered="1"/></method><method name="&lt;clinit&gt;" desc="()V"><counter type="INSTRUCTION" missed="0" covered="2"/><counter type="COMPLEXITY" missed="0" covered="1"/><counter type="METHOD" missed="0" covered="1"/></method><counter type="INSTRUCTION" missed="0" covered="88"/><counter type="COMPLEXITY" missed="0" covered="2"/><counter type="METHOD" missed="0" covered="2"/><counter type="CLASS" missed="0" covered="1"/></class><class name="dilhashanazeer/proj1/0/constants/$_error_type_constants"><method name="$error_type_init" desc="()V"><counter type="INSTRUCTION" missed="0" covered="1"/><counter type="COMPLEXITY" missed="0" covered="1"/><counter type="METHOD" missed="0" covered="1"/></method><method name="$populate_error_typeS" desc="()V"><counter type="INSTRUCTION" missed="0" covered="1"/><counter type="COMPLEXITY" missed="0" covered="1"/><counter type="METHOD" missed="0" covered="1"/></method><counter type="INSTRUCTION" missed="0" covered="2"/><counter type="COMPLEXITY" missed="0" covered="2"/><counter type="METHOD" missed="0" covered="2"/><counter type="CLASS" missed="0" covered="1"/></class><class name="dilhashanazeer/proj1/0/constants/$_typeref_type_constants"><method name="$typeref_type_init" desc="()V"><counter type="INSTRUCTION" missed="0" covered="1"/><counter type="COMPLEXITY" missed="0" covered="1"/><counter type="METHOD" missed="0" covered="1"/></method><method name="$populate_typeref_types" desc="()V"><counter type="INSTRUCTION" missed="0" covered="1"/><counter type="COMPLEXITY" missed="0" covered="1"/><counter type="METHOD" missed="0" covered="1"/></method><counter type="INSTRUCTION" missed="0" covered="2"/><counter type="COMPLEXITY" missed="0" covered="2"/><counter type="METHOD" missed="0" covered="2"/><counter type="CLASS" missed="0" covered="1"/></class><class name="dilhashanazeer/proj1/0/constants/$_module_constants"><method name="$module_init0" desc="()V"><counter type="INSTRUCTION" missed="0" covered="25"/><counter type="COMPLEXITY" missed="0" covered="1"/><counter type="METHOD" missed="0" covered="1"/></method><method name="&lt;clinit&gt;" desc="()V"><counter type="INSTRUCTION" missed="0" covered="2"/><counter type="COMPLEXITY" missed="0" covered="1"/><counter type="METHOD" missed="0" covered="1"/></method><counter type="INSTRUCTION" missed="0" covered="27"/><counter type="COMPLEXITY" missed="0" covered="2"/><counter type="METHOD" missed="0" covered="2"/><counter type="CLASS" missed="0" covered="1"/></class><counter type="INSTRUCTION" missed="0" covered="345"/><counter type="COMPLEXITY" missed="0" covered="25"/><counter type="METHOD" missed="0" covered="25"/><counter type="CLASS" missed="0" covered="7"/></package><package name="dilhashanazeer/proj2$test/0/creators"><class name="dilhashanazeer/proj2$test/0/creators/$_objects"><method name="&lt;clinit&gt;" desc="()V"><counter type="INSTRUCTION" missed="10" covered="0"/><counter type="COMPLEXITY" missed="1" covered="0"/><counter type="METHOD" missed="1" covered="0"/></method><method name="createObjectValue" desc="(Ljava/lang/String;Lio/ballerina/runtime/internal/scheduling/Scheduler;Lio/ballerina/runtime/internal/scheduling/Strand;Ljava/util/Map;[Ljava/lang/Object;)Lio/ballerina/runtime/api/values/BObject;"><counter type="INSTRUCTION" missed="12" covered="0"/><counter type="COMPLEXITY" missed="1" covered="0"/><counter type="METHOD" missed="1" covered="0"/></method><counter type="INSTRUCTION" missed="22" covered="0"/><counter type="COMPLEXITY" missed="2" covered="0"/><counter type="METHOD" missed="2" covered="0"/><counter type="CLASS" missed="1" covered="0"/></class><class name="dilhashanazeer/proj2$test/0/creators/$_errors"><method name="createErrorValue" desc="(Ljava/lang/String;Lio/ballerina/runtime/api/values/BString;Lio/ballerina/runtime/api/values/BError;Ljava/lang/Object;)Lio/ballerina/runtime/api/values/BError;"><counter type="INSTRUCTION" missed="12" covered="0"/><counter type="COMPLEXITY" missed="1" covered="0"/><counter type="METHOD" missed="1" covered="0"/></method><counter type="INSTRUCTION" missed="12" covered="0"/><counter type="COMPLEXITY" missed="1" covered="0"/><counter type="METHOD" missed="1" covered="0"/><counter type="CLASS" missed="1" covered="0"/></class><class name="dilhashanazeer/proj2$test/0/creators/$_function_calls"><method name="call" desc="(Lio/ballerina/runtime/internal/scheduling/Strand;Ljava/lang/String;[Ljava/lang/Object;)Ljava/lang/Object;"><counter type="INSTRUCTION" missed="139" covered="0"/><counter type="BRANCH" missed="28" covered="0"/><counter type="COMPLEXITY" missed="19" covered="0"/><counter type="METHOD" missed="1" covered="0"/></method><counter type="INSTRUCTION" missed="139" covered="0"/><counter type="BRANCH" missed="28" covered="0"/><counter type="COMPLEXITY" missed="19" covered="0"/><counter type="METHOD" missed="1" covered="0"/><counter type="CLASS" missed="1" covered="0"/></class><class name="dilhashanazeer/proj2$test/0/creators/$_records"><method name="&lt;clinit&gt;" desc="()V"><counter type="INSTRUCTION" missed="10" covered="0"/><counter type="COMPLEXITY" missed="1" covered="0"/><counter type="METHOD" missed="1" covered="0"/></method><method name="createRecordValue" desc="(Ljava/lang/String;)Lio/ballerina/runtime/internal/values/MapValue;"><counter type="INSTRUCTION" missed="12" covered="0"/><counter type="COMPLEXITY" missed="1" covered="0"/><counter type="METHOD" missed="1" covered="0"/></method><counter type="INSTRUCTION" missed="22" covered="0"/><counter type="COMPLEXITY" missed="2" covered="0"/><counter type="METHOD" missed="2" covered="0"/><counter type="CLASS" missed="1" covered="0"/></class><counter type="INSTRUCTION" missed="195" covered="0"/><counter type="BRANCH" missed="28" covered="0"/><counter type="COMPLEXITY" missed="24" covered="0"/><counter type="METHOD" missed="6" covered="0"/><counter type="CLASS" missed="4" covered="0"/></package><package name="dilhashanazeer/proj2/0"><class name="dilhashanazeer/proj2/0/$configurationMapper"><method name="$configureInit" desc="([Ljava/lang/String;[Ljava/nio/file/Path;Ljava/lang/String;)V"><counter type="INSTRUCTION" missed="398" covered="0"/><counter type="BRANCH" missed="86" covered="0"/><counter type="COMPLEXITY" missed="44" covered="0"/><counter type="METHOD" missed="1" covered="0"/></method><method name="$initAndPopulateConfigData" desc="()[Lio/ballerina/runtime/internal/configurable/VariableKey;"><counter type="INSTRUCTION" missed="6" covered="0"/><counter type="COMPLEXITY" missed="1" covered="0"/><counter type="METHOD" missed="1" covered="0"/></method><counter type="INSTRUCTION" missed="404" covered="0"/><counter type="BRANCH" missed="86" covered="0"/><counter type="COMPLEXITY" missed="45" covered="0"/><counter type="METHOD" missed="2" covered="0"/><counter type="CLASS" missed="1" covered="0"/></class><counter type="INSTRUCTION" missed="404" covered="0"/><counter type="BRANCH" missed="86" covered="0"/><counter type="COMPLEXITY" missed="45" covered="0"/><counter type="METHOD" missed="2" covered="0"/><counter type="CLASS" missed="1" covered="0"/></package><counter type="INSTRUCTION" missed="4852" covered="675"/><counter type="BRANCH" missed="594" covered="15"/><counter type="LINE" missed="27" covered="6"/><counter type="COMPLEXITY" missed="257" covered="31"/><counter type="METHOD" missed="79" covered="35"/><counter type="CLASS" missed="36" covered="11"/></report>