<?xml version="1.0" encoding="UTF-8" standalone="yes"?>
<!DOCTYPE report PUBLIC "-//JACOCO//DTD Report 1.1//EN" "report.dtd">
<report name="coverage">
    <sessioninfo id="dilhasha-90f84671" start="1677569298855" dump="1677569300629" />
    <package name="dilhashanazeer/proj2/0/types">
        <class name="dilhashanazeer/proj2/0/types/$_types">
            <method name="$createTypeConstants" desc="()V">
                <counter type="INSTRUCTION" missed="0" covered="11" />
                <counter type="COMPLEXITY" missed="0" covered="1" />
                <counter type="METHOD" missed="0" covered="1" />
            </method>
            <method name="$createTypeInstances" desc="()V">
                <counter type="INSTRUCTION" missed="0" covered="1" />
                <counter type="COMPLEXITY" missed="0" covered="1" />
                <counter type="METHOD" missed="0" covered="1" />
            </method>
            <method name="$createTypes" desc="()V">
                <counter type="INSTRUCTION" missed="0" covered="3" />
                <counter type="COMPLEXITY" missed="0" covered="1" />
                <counter type="METHOD" missed="0" covered="1" />
            </method>
            <counter type="INSTRUCTION" missed="0" covered="15" />
            <counter type="COMPLEXITY" missed="0" covered="3" />
            <counter type="METHOD" missed="0" covered="3" />
            <counter type="CLASS" missed="0" covered="1" />
        </class>
        <class name="dilhashanazeer/proj2/0/types/$_anon_types">
            <method name="getAnonType"
                desc="(ILjava/lang/String;)Lio/ballerina/runtime/api/types/Type;">
                <counter type="INSTRUCTION" missed="12" covered="0" />
                <counter type="COMPLEXITY" missed="1" covered="0" />
                <counter type="METHOD" missed="1" covered="0" />
            </method>
            <counter type="INSTRUCTION" missed="12" covered="0" />
            <counter type="COMPLEXITY" missed="1" covered="0" />
            <counter type="METHOD" missed="1" covered="0" />
            <counter type="CLASS" missed="1" covered="0" />
        </class>
        <class name="dilhashanazeer/proj2/0/types/$_record_types" />
        <class name="dilhashanazeer/proj2/0/types/$_tuple_types" />
        <class name="dilhashanazeer/proj2/0/types/$_union_types" />
        <class name="dilhashanazeer/proj2/0/types/$_object_types" />
        <class name="dilhashanazeer/proj2/0/types/$_error_types" />
        <counter type="INSTRUCTION" missed="12" covered="15" />
        <counter type="COMPLEXITY" missed="1" covered="3" />
        <counter type="METHOD" missed="1" covered="3" />
        <counter type="CLASS" missed="1" covered="1" />
    </package>
    <package name="dilhashanazeer/proj2$test/0/annotations">
        <class name="dilhashanazeer/proj2$test/0/annotations/$_annotations">
            <method name="$process_annotations0" desc="()V">
                <counter type="INSTRUCTION" missed="0" covered="1" />
                <counter type="COMPLEXITY" missed="0" covered="1" />
                <counter type="METHOD" missed="0" covered="1" />
            </method>
            <method name="$process_annotations" desc="()V">
                <counter type="INSTRUCTION" missed="0" covered="2" />
                <counter type="COMPLEXITY" missed="0" covered="1" />
                <counter type="METHOD" missed="0" covered="1" />
            </method>
            <counter type="INSTRUCTION" missed="0" covered="3" />
            <counter type="COMPLEXITY" missed="0" covered="2" />
            <counter type="METHOD" missed="0" covered="2" />
            <counter type="CLASS" missed="0" covered="1" />
        </class>
        <counter type="INSTRUCTION" missed="0" covered="3" />
        <counter type="COMPLEXITY" missed="0" covered="2" />
        <counter type="METHOD" missed="0" covered="2" />
        <counter type="CLASS" missed="0" covered="1" />
    </package>
    <package name="dilhashanazeer/proj2$test/0/types">
        <class name="dilhashanazeer/proj2$test/0/types/$_tuple_types" />
        <class name="dilhashanazeer/proj2$test/0/types/$_types">
            <method name="$createTypeConstants" desc="()V">
                <counter type="INSTRUCTION" missed="0" covered="11" />
                <counter type="COMPLEXITY" missed="0" covered="1" />
                <counter type="METHOD" missed="0" covered="1" />
            </method>
            <method name="$createTypeInstances" desc="()V">
                <counter type="INSTRUCTION" missed="0" covered="1" />
                <counter type="COMPLEXITY" missed="0" covered="1" />
                <counter type="METHOD" missed="0" covered="1" />
            </method>
            <method name="$createTypes" desc="()V">
                <counter type="INSTRUCTION" missed="0" covered="3" />
                <counter type="COMPLEXITY" missed="0" covered="1" />
                <counter type="METHOD" missed="0" covered="1" />
            </method>
            <counter type="INSTRUCTION" missed="0" covered="15" />
            <counter type="COMPLEXITY" missed="0" covered="3" />
            <counter type="METHOD" missed="0" covered="3" />
            <counter type="CLASS" missed="0" covered="1" />
        </class>
        <class name="dilhashanazeer/proj2$test/0/types/$_record_types" />
        <class name="dilhashanazeer/proj2$test/0/types/$_anon_types">
            <method name="getAnonType"
                desc="(ILjava/lang/String;)Lio/ballerina/runtime/api/types/Type;">
                <counter type="INSTRUCTION" missed="12" covered="0" />
                <counter type="COMPLEXITY" missed="1" covered="0" />
                <counter type="METHOD" missed="1" covered="0" />
            </method>
            <counter type="INSTRUCTION" missed="12" covered="0" />
            <counter type="COMPLEXITY" missed="1" covered="0" />
            <counter type="METHOD" missed="1" covered="0" />
            <counter type="CLASS" missed="1" covered="0" />
        </class>
        <class name="dilhashanazeer/proj2$test/0/types/$_object_types" />
        <class name="dilhashanazeer/proj2$test/0/types/$_error_types" />
        <class name="dilhashanazeer/proj2$test/0/types/$_union_types" />
        <counter type="INSTRUCTION" missed="12" covered="15" />
        <counter type="COMPLEXITY" missed="1" covered="3" />
        <counter type="METHOD" missed="1" covered="3" />
        <counter type="CLASS" missed="1" covered="1" />
    </package>
    <package name="dilhashanazeer/proj2/0/annotations">
        <class name="dilhashanazeer/proj2/0/annotations/$_annotations">
            <method name="$process_annotations0" desc="()V">
                <counter type="INSTRUCTION" missed="0" covered="1" />
                <counter type="COMPLEXITY" missed="0" covered="1" />
                <counter type="METHOD" missed="0" covered="1" />
            </method>
            <method name="$process_annotations" desc="()V">
                <counter type="INSTRUCTION" missed="0" covered="2" />
                <counter type="COMPLEXITY" missed="0" covered="1" />
                <counter type="METHOD" missed="0" covered="1" />
            </method>
            <counter type="INSTRUCTION" missed="0" covered="3" />
            <counter type="COMPLEXITY" missed="0" covered="2" />
            <counter type="METHOD" missed="0" covered="2" />
            <counter type="CLASS" missed="0" covered="1" />
        </class>
        <counter type="INSTRUCTION" missed="0" covered="3" />
        <counter type="COMPLEXITY" missed="0" covered="2" />
        <counter type="METHOD" missed="0" covered="2" />
        <counter type="CLASS" missed="0" covered="1" />
    </package>
    <package name="dilhashanazeer/proj2/0/creators">
        <class name="dilhashanazeer/proj2/0/creators/$_errors">
            <method name="createErrorValue"
                desc="(Ljava/lang/String;Lio/ballerina/runtime/api/values/BString;Lio/ballerina/runtime/api/values/BError;Ljava/lang/Object;)Lio/ballerina/runtime/api/values/BError;">
                <counter type="INSTRUCTION" missed="12" covered="0" />
                <counter type="COMPLEXITY" missed="1" covered="0" />
                <counter type="METHOD" missed="1" covered="0" />
            </method>
            <counter type="INSTRUCTION" missed="12" covered="0" />
            <counter type="COMPLEXITY" missed="1" covered="0" />
            <counter type="METHOD" missed="1" covered="0" />
            <counter type="CLASS" missed="1" covered="0" />
        </class>
        <class name="dilhashanazeer/proj2/0/creators/$_objects">
            <method name="&lt;clinit&gt;" desc="()V">
                <counter type="INSTRUCTION" missed="10" covered="0" />
                <counter type="COMPLEXITY" missed="1" covered="0" />
                <counter type="METHOD" missed="1" covered="0" />
            </method>
            <method name="createObjectValue"
                desc="(Ljava/lang/String;Lio/ballerina/runtime/internal/scheduling/Scheduler;Lio/ballerina/runtime/internal/scheduling/Strand;Ljava/util/Map;[Ljava/lang/Object;)Lio/ballerina/runtime/api/values/BObject;">
                <counter type="INSTRUCTION" missed="12" covered="0" />
                <counter type="COMPLEXITY" missed="1" covered="0" />
                <counter type="METHOD" missed="1" covered="0" />
            </method>
            <counter type="INSTRUCTION" missed="22" covered="0" />
            <counter type="COMPLEXITY" missed="2" covered="0" />
            <counter type="METHOD" missed="2" covered="0" />
            <counter type="CLASS" missed="1" covered="0" />
        </class>
        <class name="dilhashanazeer/proj2/0/creators/$_function_calls">
            <method name="call"
                desc="(Lio/ballerina/runtime/internal/scheduling/Strand;Ljava/lang/String;[Ljava/lang/Object;)Ljava/lang/Object;">
                <counter type="INSTRUCTION" missed="113" covered="0" />
                <counter type="BRANCH" missed="25" covered="0" />
                <counter type="COMPLEXITY" missed="17" covered="0" />
                <counter type="METHOD" missed="1" covered="0" />
            </method>
            <counter type="INSTRUCTION" missed="113" covered="0" />
            <counter type="BRANCH" missed="25" covered="0" />
            <counter type="COMPLEXITY" missed="17" covered="0" />
            <counter type="METHOD" missed="1" covered="0" />
            <counter type="CLASS" missed="1" covered="0" />
        </class>
        <class name="dilhashanazeer/proj2/0/creators/$_records">
            <method name="&lt;clinit&gt;" desc="()V">
                <counter type="INSTRUCTION" missed="10" covered="0" />
                <counter type="COMPLEXITY" missed="1" covered="0" />
                <counter type="METHOD" missed="1" covered="0" />
            </method>
            <method name="createRecordValue"
                desc="(Ljava/lang/String;)Lio/ballerina/runtime/internal/values/MapValue;">
                <counter type="INSTRUCTION" missed="12" covered="0" />
                <counter type="COMPLEXITY" missed="1" covered="0" />
                <counter type="METHOD" missed="1" covered="0" />
            </method>
            <counter type="INSTRUCTION" missed="22" covered="0" />
            <counter type="COMPLEXITY" missed="2" covered="0" />
            <counter type="METHOD" missed="2" covered="0" />
            <counter type="CLASS" missed="1" covered="0" />
        </class>
        <counter type="INSTRUCTION" missed="169" covered="0" />
        <counter type="BRANCH" missed="25" covered="0" />
        <counter type="COMPLEXITY" missed="22" covered="0" />
        <counter type="METHOD" missed="6" covered="0" />
        <counter type="CLASS" missed="4" covered="0" />
    </package>
    <package name="dilhashanazeer/proj2/0/constants">
        <class name="dilhashanazeer/proj2/0/constants/$_module_constants">
            <method name="$module_init0" desc="()V">
                <counter type="INSTRUCTION" missed="0" covered="9" />
                <counter type="COMPLEXITY" missed="0" covered="1" />
                <counter type="METHOD" missed="0" covered="1" />
            </method>
            <method name="&lt;clinit&gt;" desc="()V">
                <counter type="INSTRUCTION" missed="0" covered="2" />
                <counter type="COMPLEXITY" missed="0" covered="1" />
                <counter type="METHOD" missed="0" covered="1" />
            </method>
            <counter type="INSTRUCTION" missed="0" covered="11" />
            <counter type="COMPLEXITY" missed="0" covered="2" />
            <counter type="METHOD" missed="0" covered="2" />
            <counter type="CLASS" missed="0" covered="1" />
        </class>
        <class name="dilhashanazeer/proj2/0/constants/$_error_type_constants">
            <method name="$error_type_init" desc="()V">
                <counter type="INSTRUCTION" missed="0" covered="1" />
                <counter type="COMPLEXITY" missed="0" covered="1" />
                <counter type="METHOD" missed="0" covered="1" />
            </method>
            <method name="$populate_error_typeS" desc="()V">
                <counter type="INSTRUCTION" missed="0" covered="1" />
                <counter type="COMPLEXITY" missed="0" covered="1" />
                <counter type="METHOD" missed="0" covered="1" />
            </method>
            <counter type="INSTRUCTION" missed="0" covered="2" />
            <counter type="COMPLEXITY" missed="0" covered="2" />
            <counter type="METHOD" missed="0" covered="2" />
            <counter type="CLASS" missed="0" covered="1" />
        </class>
        <class name="dilhashanazeer/proj2/0/constants/$_typeref_type_constants">
            <method name="$typeref_type_init" desc="()V">
                <counter type="INSTRUCTION" missed="0" covered="1" />
                <counter type="COMPLEXITY" missed="0" covered="1" />
                <counter type="METHOD" missed="0" covered="1" />
            </method>
            <method name="$populate_typeref_types" desc="()V">
                <counter type="INSTRUCTION" missed="0" covered="1" />
                <counter type="COMPLEXITY" missed="0" covered="1" />
                <counter type="METHOD" missed="0" covered="1" />
            </method>
            <counter type="INSTRUCTION" missed="0" covered="2" />
            <counter type="COMPLEXITY" missed="0" covered="2" />
            <counter type="METHOD" missed="0" covered="2" />
            <counter type="CLASS" missed="0" covered="1" />
        </class>
        <class name="dilhashanazeer/proj2/0/constants/$_union_type_constants">
            <method name="$union_type_init" desc="()V">
                <counter type="INSTRUCTION" missed="0" covered="1" />
                <counter type="COMPLEXITY" missed="0" covered="1" />
                <counter type="METHOD" missed="0" covered="1" />
            </method>
            <method name="$populate_union_types" desc="()V">
                <counter type="INSTRUCTION" missed="0" covered="1" />
                <counter type="COMPLEXITY" missed="0" covered="1" />
                <counter type="METHOD" missed="0" covered="1" />
            </method>
            <counter type="INSTRUCTION" missed="0" covered="2" />
            <counter type="COMPLEXITY" missed="0" covered="2" />
            <counter type="METHOD" missed="0" covered="2" />
            <counter type="CLASS" missed="0" covered="1" />
        </class>
        <class name="dilhashanazeer/proj2/0/constants/$_array_type_constants">
            <method name="$array_type_init" desc="()V">
                <counter type="INSTRUCTION" missed="0" covered="1" />
                <counter type="COMPLEXITY" missed="0" covered="1" />
                <counter type="METHOD" missed="0" covered="1" />
            </method>
            <method name="$populate_array_types" desc="()V">
                <counter type="INSTRUCTION" missed="0" covered="1" />
                <counter type="COMPLEXITY" missed="0" covered="1" />
                <counter type="METHOD" missed="0" covered="1" />
            </method>
            <counter type="INSTRUCTION" missed="0" covered="2" />
            <counter type="COMPLEXITY" missed="0" covered="2" />
            <counter type="METHOD" missed="0" covered="2" />
            <counter type="CLASS" missed="0" covered="1" />
        </class>
        <class name="dilhashanazeer/proj2/0/constants/$_tuple_type_constants">
            <method name="$tuple_type_init" desc="()V">
                <counter type="INSTRUCTION" missed="0" covered="1" />
                <counter type="COMPLEXITY" missed="0" covered="1" />
                <counter type="METHOD" missed="0" covered="1" />
            </method>
            <method name="$populate_tuple_types" desc="()V">
                <counter type="INSTRUCTION" missed="0" covered="1" />
                <counter type="COMPLEXITY" missed="0" covered="1" />
                <counter type="METHOD" missed="0" covered="1" />
            </method>
            <counter type="INSTRUCTION" missed="0" covered="2" />
            <counter type="COMPLEXITY" missed="0" covered="2" />
            <counter type="METHOD" missed="0" covered="2" />
            <counter type="CLASS" missed="0" covered="1" />
        </class>
        <counter type="INSTRUCTION" missed="0" covered="21" />
        <counter type="COMPLEXITY" missed="0" covered="12" />
        <counter type="METHOD" missed="0" covered="12" />
        <counter type="CLASS" missed="0" covered="6" />
    </package>
    <package name="dilhashanazeer/proj2$test/0/constants">
        <class name="dilhashanazeer/proj2$test/0/constants/$_tuple_type_constants">
            <method name="$tuple_type_init" desc="()V">
                <counter type="INSTRUCTION" missed="0" covered="1" />
                <counter type="COMPLEXITY" missed="0" covered="1" />
                <counter type="METHOD" missed="0" covered="1" />
            </method>
            <method name="$populate_tuple_types" desc="()V">
                <counter type="INSTRUCTION" missed="0" covered="1" />
                <counter type="COMPLEXITY" missed="0" covered="1" />
                <counter type="METHOD" missed="0" covered="1" />
            </method>
            <counter type="INSTRUCTION" missed="0" covered="2" />
            <counter type="COMPLEXITY" missed="0" covered="2" />
            <counter type="METHOD" missed="0" covered="2" />
            <counter type="CLASS" missed="0" covered="1" />
        </class>
        <class name="dilhashanazeer/proj2$test/0/constants/$_module_constants">
            <method name="$module_init0" desc="()V">
                <counter type="INSTRUCTION" missed="0" covered="17" />
                <counter type="COMPLEXITY" missed="0" covered="1" />
                <counter type="METHOD" missed="0" covered="1" />
            </method>
            <method name="&lt;clinit&gt;" desc="()V">
                <counter type="INSTRUCTION" missed="0" covered="2" />
                <counter type="COMPLEXITY" missed="0" covered="1" />
                <counter type="METHOD" missed="0" covered="1" />
            </method>
            <counter type="INSTRUCTION" missed="0" covered="19" />
            <counter type="COMPLEXITY" missed="0" covered="2" />
            <counter type="METHOD" missed="0" covered="2" />
            <counter type="CLASS" missed="0" covered="1" />
        </class>
        <class name="dilhashanazeer/proj2$test/0/constants/$_union_type_constants">
            <method name="$union_type_init" desc="()V">
                <counter type="INSTRUCTION" missed="0" covered="19" />
                <counter type="COMPLEXITY" missed="0" covered="1" />
                <counter type="METHOD" missed="0" covered="1" />
            </method>
            <method name="$populate$unionType0" desc="()V">
                <counter type="INSTRUCTION" missed="0" covered="21" />
                <counter type="COMPLEXITY" missed="0" covered="1" />
                <counter type="METHOD" missed="0" covered="1" />
            </method>
            <method name="createMembers$$unionType00"
                desc="([Lio/ballerina/runtime/api/types/Type;)V">
                <counter type="INSTRUCTION" missed="0" covered="11" />
                <counter type="COMPLEXITY" missed="0" covered="1" />
                <counter type="METHOD" missed="0" covered="1" />
            </method>
            <method name="createMembers$original$unionType00"
                desc="([Lio/ballerina/runtime/api/types/Type;)V">
                <counter type="INSTRUCTION" missed="0" covered="11" />
                <counter type="COMPLEXITY" missed="0" covered="1" />
                <counter type="METHOD" missed="0" covered="1" />
            </method>
            <method name="$populate$unionType1" desc="()V">
                <counter type="INSTRUCTION" missed="0" covered="21" />
                <counter type="COMPLEXITY" missed="0" covered="1" />
                <counter type="METHOD" missed="0" covered="1" />
            </method>
            <method name="createMembers$$unionType10"
                desc="([Lio/ballerina/runtime/api/types/Type;)V">
                <counter type="INSTRUCTION" missed="0" covered="11" />
                <counter type="COMPLEXITY" missed="0" covered="1" />
                <counter type="METHOD" missed="0" covered="1" />
            </method>
            <method name="createMembers$original$unionType10"
                desc="([Lio/ballerina/runtime/api/types/Type;)V">
                <counter type="INSTRUCTION" missed="0" covered="11" />
                <counter type="COMPLEXITY" missed="0" covered="1" />
                <counter type="METHOD" missed="0" covered="1" />
            </method>
            <method name="$populate_union_types" desc="()V">
                <counter type="INSTRUCTION" missed="0" covered="3" />
                <counter type="COMPLEXITY" missed="0" covered="1" />
                <counter type="METHOD" missed="0" covered="1" />
            </method>
            <counter type="INSTRUCTION" missed="0" covered="108" />
            <counter type="COMPLEXITY" missed="0" covered="8" />
            <counter type="METHOD" missed="0" covered="8" />
            <counter type="CLASS" missed="0" covered="1" />
        </class>
        <class name="dilhashanazeer/proj2$test/0/constants/$_string_constants_0">
            <method name="$string_init" desc="()V">
                <counter type="INSTRUCTION" missed="0" covered="11" />
                <counter type="COMPLEXITY" missed="0" covered="1" />
                <counter type="METHOD" missed="0" covered="1" />
            </method>
            <method name="&lt;clinit&gt;" desc="()V">
                <counter type="INSTRUCTION" missed="0" covered="2" />
                <counter type="COMPLEXITY" missed="0" covered="1" />
                <counter type="METHOD" missed="0" covered="1" />
            </method>
            <counter type="INSTRUCTION" missed="0" covered="13" />
            <counter type="COMPLEXITY" missed="0" covered="2" />
            <counter type="METHOD" missed="0" covered="2" />
            <counter type="CLASS" missed="0" covered="1" />
        </class>
        <class name="dilhashanazeer/proj2$test/0/constants/$_array_type_constants">
            <method name="$array_type_init" desc="()V">
                <counter type="INSTRUCTION" missed="0" covered="1" />
                <counter type="COMPLEXITY" missed="0" covered="1" />
                <counter type="METHOD" missed="0" covered="1" />
            </method>
            <method name="$populate_array_types" desc="()V">
                <counter type="INSTRUCTION" missed="0" covered="1" />
                <counter type="COMPLEXITY" missed="0" covered="1" />
                <counter type="METHOD" missed="0" covered="1" />
            </method>
            <counter type="INSTRUCTION" missed="0" covered="2" />
            <counter type="COMPLEXITY" missed="0" covered="2" />
            <counter type="METHOD" missed="0" covered="2" />
            <counter type="CLASS" missed="0" covered="1" />
        </class>
        <class name="dilhashanazeer/proj2$test/0/constants/$_error_type_constants">
            <method name="$error_type_init" desc="()V">
                <counter type="INSTRUCTION" missed="0" covered="1" />
                <counter type="COMPLEXITY" missed="0" covered="1" />
                <counter type="METHOD" missed="0" covered="1" />
            </method>
            <method name="$populate_error_typeS" desc="()V">
                <counter type="INSTRUCTION" missed="0" covered="1" />
                <counter type="COMPLEXITY" missed="0" covered="1" />
                <counter type="METHOD" missed="0" covered="1" />
            </method>
            <counter type="INSTRUCTION" missed="0" covered="2" />
            <counter type="COMPLEXITY" missed="0" covered="2" />
            <counter type="METHOD" missed="0" covered="2" />
            <counter type="CLASS" missed="0" covered="1" />
        </class>
        <class name="dilhashanazeer/proj2$test/0/constants/$_typeref_type_constants">
            <method name="$typeref_type_init" desc="()V">
                <counter type="INSTRUCTION" missed="0" covered="1" />
                <counter type="COMPLEXITY" missed="0" covered="1" />
                <counter type="METHOD" missed="0" covered="1" />
            </method>
            <method name="$populate_typeref_types" desc="()V">
                <counter type="INSTRUCTION" missed="0" covered="1" />
                <counter type="COMPLEXITY" missed="0" covered="1" />
                <counter type="METHOD" missed="0" covered="1" />
            </method>
            <counter type="INSTRUCTION" missed="0" covered="2" />
            <counter type="COMPLEXITY" missed="0" covered="2" />
            <counter type="METHOD" missed="0" covered="2" />
            <counter type="CLASS" missed="0" covered="1" />
        </class>
        <counter type="INSTRUCTION" missed="0" covered="148" />
        <counter type="COMPLEXITY" missed="0" covered="20" />
        <counter type="METHOD" missed="0" covered="20" />
        <counter type="CLASS" missed="0" covered="7" />
    </package>
    <package name="proj2">
        <class name="proj2/main" sourcefilename="main.bal">
            <method name="&lt;init&gt;" desc="()V">
                <counter type="INSTRUCTION" missed="3" covered="0" />
                <counter type="METHOD" missed="1" covered="0" />
            </method>
            <method name="sum" desc="(Lio/ballerina/runtime/internal/scheduling/Strand;JJ)J"
                line="4">
                <counter type="INSTRUCTION" missed="82" covered="54" />
                <counter type="BRANCH" missed="7" covered="4" />
                <counter type="LINE" missed="0" covered="2" />
                <counter type="METHOD" missed="0" covered="1" />
            </method>
            <method name="sum2" desc="(Lio/ballerina/runtime/internal/scheduling/Strand;JJ)J"
                line="8">
                <counter type="INSTRUCTION" missed="136" covered="0" />
                <counter type="BRANCH" missed="11" covered="0" />
                <counter type="LINE" missed="2" covered="0" />
                <counter type="METHOD" missed="1" covered="0" />
            </method>
            <method name="sum3" desc="(Lio/ballerina/runtime/internal/scheduling/Strand;JJ)J"
                line="12">
                <counter type="INSTRUCTION" missed="136" covered="0" />
                <counter type="BRANCH" missed="11" covered="0" />
                <counter type="LINE" missed="2" covered="0" />
                <counter type="METHOD" missed="1" covered="0" />
            </method>
            <counter type="INSTRUCTION" missed="357" covered="54" />
            <counter type="BRANCH" missed="29" covered="4" />
            <counter type="LINE" missed="4" covered="2" />
            <counter type="METHOD" missed="3" covered="1" />
            <counter type="CLASS" missed="0" covered="1" />
        </class>
        <sourcefile name="main.bal">
            <line nr="4" mi="0" ci="22" mb="0" cb="2" />
            <line nr="5" mi="0" ci="80" mb="0" cb="0" />
            <line nr="8" mi="22" ci="0" mb="2" cb="0" />
            <line nr="9" mi="80" ci="0" mb="0" cb="0" />
            <line nr="12" mi="22" ci="0" mb="2" cb="0" />
            <line nr="13" mi="80" ci="0" mb="0" cb="0" />
            <counter type="INSTRUCTION" missed="357" covered="54" />
            <counter type="BRANCH" missed="29" covered="4" />
            <counter type="LINE" missed="4" covered="2" />
            <counter type="METHOD" missed="3" covered="1" />
            <counter type="CLASS" missed="0" covered="1" />
        </sourcefile>
        <counter type="INSTRUCTION" missed="357" covered="54" />
        <counter type="BRANCH" missed="29" covered="4" />
        <counter type="LINE" missed="4" covered="2" />
        <counter type="METHOD" missed="3" covered="1" />
        <counter type="CLASS" missed="0" covered="1" />
    </package>
    <package name="dilhashanazeer/proj2$test/0">
        <class name="dilhashanazeer/proj2$test/0/$configurationMapper">
            <method name="$configureInit"
                desc="([Ljava/lang/String;[Ljava/nio/file/Path;Ljava/lang/String;)V">
                <counter type="INSTRUCTION" missed="160" covered="256" />
                <counter type="BRANCH" missed="45" covered="45" />
                <counter type="COMPLEXITY" missed="45" covered="1" />
                <counter type="METHOD" missed="0" covered="1" />
            </method>
            <method name="$initAndPopulateConfigData"
                desc="()[Lio/ballerina/runtime/internal/configurable/VariableKey;">
                <counter type="INSTRUCTION" missed="0" covered="6" />
                <counter type="COMPLEXITY" missed="0" covered="1" />
                <counter type="METHOD" missed="0" covered="1" />
            </method>
            <counter type="INSTRUCTION" missed="160" covered="262" />
            <counter type="BRANCH" missed="45" covered="45" />
            <counter type="COMPLEXITY" missed="45" covered="2" />
            <counter type="METHOD" missed="0" covered="2" />
            <counter type="CLASS" missed="0" covered="1" />
        </class>
        <counter type="INSTRUCTION" missed="160" covered="262" />
        <counter type="BRANCH" missed="45" covered="45" />
        <counter type="COMPLEXITY" missed="45" covered="2" />
        <counter type="METHOD" missed="0" covered="2" />
        <counter type="CLASS" missed="0" covered="1" />
    </package>
    <package name="dilhashanazeer/proj2$test/0/creators">
        <class name="dilhashanazeer/proj2$test/0/creators/$_objects">
            <method name="&lt;clinit&gt;" desc="()V">
                <counter type="INSTRUCTION" missed="10" covered="0" />
                <counter type="COMPLEXITY" missed="1" covered="0" />
                <counter type="METHOD" missed="1" covered="0" />
            </method>
            <method name="createObjectValue"
                desc="(Ljava/lang/String;Lio/ballerina/runtime/internal/scheduling/Scheduler;Lio/ballerina/runtime/internal/scheduling/Strand;Ljava/util/Map;[Ljava/lang/Object;)Lio/ballerina/runtime/api/values/BObject;">
                <counter type="INSTRUCTION" missed="12" covered="0" />
                <counter type="COMPLEXITY" missed="1" covered="0" />
                <counter type="METHOD" missed="1" covered="0" />
            </method>
            <counter type="INSTRUCTION" missed="22" covered="0" />
            <counter type="COMPLEXITY" missed="2" covered="0" />
            <counter type="METHOD" missed="2" covered="0" />
            <counter type="CLASS" missed="1" covered="0" />
        </class>
        <class name="dilhashanazeer/proj2$test/0/creators/$_records">
            <method name="&lt;clinit&gt;" desc="()V">
                <counter type="INSTRUCTION" missed="10" covered="0" />
                <counter type="COMPLEXITY" missed="1" covered="0" />
                <counter type="METHOD" missed="1" covered="0" />
            </method>
            <method name="createRecordValue"
                desc="(Ljava/lang/String;)Lio/ballerina/runtime/internal/values/MapValue;">
                <counter type="INSTRUCTION" missed="12" covered="0" />
                <counter type="COMPLEXITY" missed="1" covered="0" />
                <counter type="METHOD" missed="1" covered="0" />
            </method>
            <counter type="INSTRUCTION" missed="22" covered="0" />
            <counter type="COMPLEXITY" missed="2" covered="0" />
            <counter type="METHOD" missed="2" covered="0" />
            <counter type="CLASS" missed="1" covered="0" />
        </class>
        <class name="dilhashanazeer/proj2$test/0/creators/$_errors">
            <method name="createErrorValue"
                desc="(Ljava/lang/String;Lio/ballerina/runtime/api/values/BString;Lio/ballerina/runtime/api/values/BError;Ljava/lang/Object;)Lio/ballerina/runtime/api/values/BError;">
                <counter type="INSTRUCTION" missed="12" covered="0" />
                <counter type="COMPLEXITY" missed="1" covered="0" />
                <counter type="METHOD" missed="1" covered="0" />
            </method>
            <counter type="INSTRUCTION" missed="12" covered="0" />
            <counter type="COMPLEXITY" missed="1" covered="0" />
            <counter type="METHOD" missed="1" covered="0" />
            <counter type="CLASS" missed="1" covered="0" />
        </class>
        <class name="dilhashanazeer/proj2$test/0/creators/$_function_calls">
            <method name="call"
                desc="(Lio/ballerina/runtime/internal/scheduling/Strand;Ljava/lang/String;[Ljava/lang/Object;)Ljava/lang/Object;">
                <counter type="INSTRUCTION" missed="147" covered="0" />
                <counter type="BRANCH" missed="31" covered="0" />
                <counter type="COMPLEXITY" missed="21" covered="0" />
                <counter type="METHOD" missed="1" covered="0" />
            </method>
            <counter type="INSTRUCTION" missed="147" covered="0" />
            <counter type="BRANCH" missed="31" covered="0" />
            <counter type="COMPLEXITY" missed="21" covered="0" />
            <counter type="METHOD" missed="1" covered="0" />
            <counter type="CLASS" missed="1" covered="0" />
        </class>
        <counter type="INSTRUCTION" missed="203" covered="0" />
        <counter type="BRANCH" missed="31" covered="0" />
        <counter type="COMPLEXITY" missed="26" covered="0" />
        <counter type="METHOD" missed="6" covered="0" />
        <counter type="CLASS" missed="4" covered="0" />
    </package>
    <package name="dilhashanazeer/proj2/0">
        <class name="dilhashanazeer/proj2/0/$configurationMapper">
            <method name="$configureInit"
                desc="([Ljava/lang/String;[Ljava/nio/file/Path;Ljava/lang/String;)V">
                <counter type="INSTRUCTION" missed="398" covered="0" />
                <counter type="BRANCH" missed="86" covered="0" />
                <counter type="COMPLEXITY" missed="44" covered="0" />
                <counter type="METHOD" missed="1" covered="0" />
            </method>
            <method name="$initAndPopulateConfigData"
                desc="()[Lio/ballerina/runtime/internal/configurable/VariableKey;">
                <counter type="INSTRUCTION" missed="0" covered="6" />
                <counter type="COMPLEXITY" missed="0" covered="1" />
                <counter type="METHOD" missed="0" covered="1" />
            </method>
            <counter type="INSTRUCTION" missed="398" covered="6" />
            <counter type="BRANCH" missed="86" covered="0" />
            <counter type="COMPLEXITY" missed="44" covered="1" />
            <counter type="METHOD" missed="1" covered="1" />
            <counter type="CLASS" missed="0" covered="1" />
        </class>
        <counter type="INSTRUCTION" missed="398" covered="6" />
        <counter type="BRANCH" missed="86" covered="0" />
        <counter type="COMPLEXITY" missed="44" covered="1" />
        <counter type="METHOD" missed="1" covered="1" />
        <counter type="CLASS" missed="0" covered="1" />
    </package>
    <counter type="INSTRUCTION" missed="1311" covered="527" />
    <counter type="BRANCH" missed="216" covered="49" />
    <counter type="LINE" missed="4" covered="2" />
    <counter type="COMPLEXITY" missed="139" covered="45" />
    <counter type="METHOD" missed="18" covered="46" />
    <counter type="CLASS" missed="10" covered="20" />
</report>