<?xml version="1.0" encoding="UTF-8" standalone="yes"?>
<!DOCTYPE report PUBLIC "-//JACOCO//DTD Report 1.1//EN" "report.dtd">
<report name="coverage">
    <sessioninfo id="dilhasha-a42ef93e" start="1677604923538" dump="1677604925507" />
    <package name="dilhashanazeer/proj1/0/types">
        <class name="dilhashanazeer/proj1/0/types/$_object_types" />
        <class name="dilhashanazeer/proj1/0/types/$_tuple_types" />
        <class name="dilhashanazeer/proj1/0/types/$_union_types" />
        <class name="dilhashanazeer/proj1/0/types/$_anon_types">
            <method name="getAnonType"
                desc="(ILjava/lang/String;)Lio/ballerina/runtime/api/types/Type;">
                <counter type="INSTRUCTION" missed="12" covered="0" />
                <counter type="COMPLEXITY" missed="1" covered="0" />
                <counter type="METHOD" missed="1" covered="0" />
            </method>
            <counter type="INSTRUCTION" missed="12" covered="0" />
            <counter type="COMPLEXITY" missed="1" covered="0" />
            <counter type="METHOD" missed="1" covered="0" />
            <counter type="CLASS" missed="1" covered="0" />
        </class>
        <class name="dilhashanazeer/proj1/0/types/$_record_types" />
        <class name="dilhashanazeer/proj1/0/types/$_error_types" />
        <class name="dilhashanazeer/proj1/0/types/$_types">
            <method name="$createTypeConstants" desc="()V">
                <counter type="INSTRUCTION" missed="0" covered="11" />
                <counter type="COMPLEXITY" missed="0" covered="1" />
                <counter type="METHOD" missed="0" covered="1" />
            </method>
            <method name="$createTypeInstances" desc="()V">
                <counter type="INSTRUCTION" missed="0" covered="1" />
                <counter type="COMPLEXITY" missed="0" covered="1" />
                <counter type="METHOD" missed="0" covered="1" />
            </method>
            <method name="$createTypes" desc="()V">
                <counter type="INSTRUCTION" missed="0" covered="3" />
                <counter type="COMPLEXITY" missed="0" covered="1" />
                <counter type="METHOD" missed="0" covered="1" />
            </method>
            <counter type="INSTRUCTION" missed="0" covered="15" />
            <counter type="COMPLEXITY" missed="0" covered="3" />
            <counter type="METHOD" missed="0" covered="3" />
            <counter type="CLASS" missed="0" covered="1" />
        </class>
        <counter type="INSTRUCTION" missed="12" covered="15" />
        <counter type="COMPLEXITY" missed="1" covered="3" />
        <counter type="METHOD" missed="1" covered="3" />
        <counter type="CLASS" missed="1" covered="1" />
    </package>
    <package name="dilhashanazeer/proj1$test/0/creators">
        <class name="dilhashanazeer/proj1$test/0/creators/$_errors">
            <method name="createErrorValue"
                desc="(Ljava/lang/String;Lio/ballerina/runtime/api/values/BString;Lio/ballerina/runtime/api/values/BError;Ljava/lang/Object;)Lio/ballerina/runtime/api/values/BError;">
                <counter type="INSTRUCTION" missed="12" covered="0" />
                <counter type="COMPLEXITY" missed="1" covered="0" />
                <counter type="METHOD" missed="1" covered="0" />
            </method>
            <counter type="INSTRUCTION" missed="12" covered="0" />
            <counter type="COMPLEXITY" missed="1" covered="0" />
            <counter type="METHOD" missed="1" covered="0" />
            <counter type="CLASS" missed="1" covered="0" />
        </class>
        <class name="dilhashanazeer/proj1$test/0/creators/$_records">
            <method name="&lt;clinit&gt;" desc="()V">
                <counter type="INSTRUCTION" missed="10" covered="0" />
                <counter type="COMPLEXITY" missed="1" covered="0" />
                <counter type="METHOD" missed="1" covered="0" />
            </method>
            <method name="createRecordValue"
                desc="(Ljava/lang/String;)Lio/ballerina/runtime/internal/values/MapValue;">
                <counter type="INSTRUCTION" missed="3" covered="0" />
                <counter type="COMPLEXITY" missed="1" covered="0" />
                <counter type="METHOD" missed="1" covered="0" />
            </method>
            <method name="createRecordValue0"
                desc="(Ljava/lang/String;)Lio/ballerina/runtime/internal/values/MapValue;">
                <counter type="INSTRUCTION" missed="59" covered="0" />
                <counter type="BRANCH" missed="7" covered="0" />
                <counter type="COMPLEXITY" missed="5" covered="0" />
                <counter type="METHOD" missed="1" covered="0" />
            </method>
            <counter type="INSTRUCTION" missed="72" covered="0" />
            <counter type="BRANCH" missed="7" covered="0" />
            <counter type="COMPLEXITY" missed="7" covered="0" />
            <counter type="METHOD" missed="3" covered="0" />
            <counter type="CLASS" missed="1" covered="0" />
        </class>
        <class name="dilhashanazeer/proj1$test/0/creators/$_objects">
            <method name="&lt;clinit&gt;" desc="()V">
                <counter type="INSTRUCTION" missed="10" covered="0" />
                <counter type="COMPLEXITY" missed="1" covered="0" />
                <counter type="METHOD" missed="1" covered="0" />
            </method>
            <method name="createObjectValue"
                desc="(Ljava/lang/String;Lio/ballerina/runtime/internal/scheduling/Scheduler;Lio/ballerina/runtime/internal/scheduling/Strand;Ljava/util/Map;[Ljava/lang/Object;)Lio/ballerina/runtime/api/values/BObject;">
                <counter type="INSTRUCTION" missed="12" covered="0" />
                <counter type="COMPLEXITY" missed="1" covered="0" />
                <counter type="METHOD" missed="1" covered="0" />
            </method>
            <counter type="INSTRUCTION" missed="22" covered="0" />
            <counter type="COMPLEXITY" missed="2" covered="0" />
            <counter type="METHOD" missed="2" covered="0" />
            <counter type="CLASS" missed="1" covered="0" />
        </class>
        <class name="dilhashanazeer/proj1$test/0/creators/$_function_calls">
            <method name="call"
                desc="(Lio/ballerina/runtime/internal/scheduling/Strand;Ljava/lang/String;[Ljava/lang/Object;)Ljava/lang/Object;">
                <counter type="INSTRUCTION" missed="171" covered="0" />
                <counter type="BRANCH" missed="40" covered="0" />
                <counter type="COMPLEXITY" missed="27" covered="0" />
                <counter type="METHOD" missed="1" covered="0" />
            </method>
            <counter type="INSTRUCTION" missed="171" covered="0" />
            <counter type="BRANCH" missed="40" covered="0" />
            <counter type="COMPLEXITY" missed="27" covered="0" />
            <counter type="METHOD" missed="1" covered="0" />
            <counter type="CLASS" missed="1" covered="0" />
        </class>
        <counter type="INSTRUCTION" missed="277" covered="0" />
        <counter type="BRANCH" missed="47" covered="0" />
        <counter type="COMPLEXITY" missed="37" covered="0" />
        <counter type="METHOD" missed="7" covered="0" />
        <counter type="CLASS" missed="4" covered="0" />
    </package>
    <package name="dilhashanazeer/proj1/0/creators">
        <class name="dilhashanazeer/proj1/0/creators/$_function_calls">
            <method name="call"
                desc="(Lio/ballerina/runtime/internal/scheduling/Strand;Ljava/lang/String;[Ljava/lang/Object;)Ljava/lang/Object;">
                <counter type="INSTRUCTION" missed="162" covered="0" />
                <counter type="BRANCH" missed="40" covered="0" />
                <counter type="COMPLEXITY" missed="27" covered="0" />
                <counter type="METHOD" missed="1" covered="0" />
            </method>
            <counter type="INSTRUCTION" missed="162" covered="0" />
            <counter type="BRANCH" missed="40" covered="0" />
            <counter type="COMPLEXITY" missed="27" covered="0" />
            <counter type="METHOD" missed="1" covered="0" />
            <counter type="CLASS" missed="1" covered="0" />
        </class>
        <class name="dilhashanazeer/proj1/0/creators/$_objects">
            <method name="&lt;clinit&gt;" desc="()V">
                <counter type="INSTRUCTION" missed="10" covered="0" />
                <counter type="COMPLEXITY" missed="1" covered="0" />
                <counter type="METHOD" missed="1" covered="0" />
            </method>
            <method name="createObjectValue"
                desc="(Ljava/lang/String;Lio/ballerina/runtime/internal/scheduling/Scheduler;Lio/ballerina/runtime/internal/scheduling/Strand;Ljava/util/Map;[Ljava/lang/Object;)Lio/ballerina/runtime/api/values/BObject;">
                <counter type="INSTRUCTION" missed="12" covered="0" />
                <counter type="COMPLEXITY" missed="1" covered="0" />
                <counter type="METHOD" missed="1" covered="0" />
            </method>
            <counter type="INSTRUCTION" missed="22" covered="0" />
            <counter type="COMPLEXITY" missed="2" covered="0" />
            <counter type="METHOD" missed="2" covered="0" />
            <counter type="CLASS" missed="1" covered="0" />
        </class>
        <class name="dilhashanazeer/proj1/0/creators/$_errors">
            <method name="createErrorValue"
                desc="(Ljava/lang/String;Lio/ballerina/runtime/api/values/BString;Lio/ballerina/runtime/api/values/BError;Ljava/lang/Object;)Lio/ballerina/runtime/api/values/BError;">
                <counter type="INSTRUCTION" missed="12" covered="0" />
                <counter type="COMPLEXITY" missed="1" covered="0" />
                <counter type="METHOD" missed="1" covered="0" />
            </method>
            <counter type="INSTRUCTION" missed="12" covered="0" />
            <counter type="COMPLEXITY" missed="1" covered="0" />
            <counter type="METHOD" missed="1" covered="0" />
            <counter type="CLASS" missed="1" covered="0" />
        </class>
        <class name="dilhashanazeer/proj1/0/creators/$_records">
            <method name="&lt;clinit&gt;" desc="()V">
                <counter type="INSTRUCTION" missed="10" covered="0" />
                <counter type="COMPLEXITY" missed="1" covered="0" />
                <counter type="METHOD" missed="1" covered="0" />
            </method>
            <method name="createRecordValue"
                desc="(Ljava/lang/String;)Lio/ballerina/runtime/internal/values/MapValue;">
                <counter type="INSTRUCTION" missed="12" covered="0" />
                <counter type="COMPLEXITY" missed="1" covered="0" />
                <counter type="METHOD" missed="1" covered="0" />
            </method>
            <counter type="INSTRUCTION" missed="22" covered="0" />
            <counter type="COMPLEXITY" missed="2" covered="0" />
            <counter type="METHOD" missed="2" covered="0" />
            <counter type="CLASS" missed="1" covered="0" />
        </class>
        <counter type="INSTRUCTION" missed="218" covered="0" />
        <counter type="BRANCH" missed="40" covered="0" />
        <counter type="COMPLEXITY" missed="32" covered="0" />
        <counter type="METHOD" missed="6" covered="0" />
        <counter type="CLASS" missed="4" covered="0" />
    </package>
    <package name="dilhashanazeer/proj1$test/0">
        <class name="dilhashanazeer/proj1$test/0/$typedesc$$anonType$_1"
            sourcefilename="dilhashanazeer/proj1$test/0/$typedesc$$anonType$_1">
            <method name="&lt;init&gt;"
                desc="(Lio/ballerina/runtime/api/types/Type;[Lio/ballerina/runtime/internal/values/MapValue;)V">
                <counter type="INSTRUCTION" missed="0" covered="5" />
                <counter type="COMPLEXITY" missed="0" covered="1" />
                <counter type="METHOD" missed="0" covered="1" />
            </method>
            <method name="&lt;init&gt;"
                desc="(Lio/ballerina/runtime/api/types/Type;[Lio/ballerina/runtime/internal/values/MapValue;Lio/ballerina/runtime/internal/values/MapValue;)V">
                <counter type="INSTRUCTION" missed="9" covered="0" />
                <counter type="COMPLEXITY" missed="1" covered="0" />
                <counter type="METHOD" missed="1" covered="0" />
            </method>
            <method name="instantiate"
                desc="(Lio/ballerina/runtime/internal/scheduling/Strand;[Lio/ballerina/runtime/api/values/BInitialValueEntry;)Ljava/lang/Object;">
                <counter type="INSTRUCTION" missed="18" covered="0" />
                <counter type="COMPLEXITY" missed="1" covered="0" />
                <counter type="METHOD" missed="1" covered="0" />
            </method>
            <counter type="INSTRUCTION" missed="27" covered="5" />
            <counter type="COMPLEXITY" missed="2" covered="1" />
            <counter type="METHOD" missed="2" covered="1" />
            <counter type="CLASS" missed="0" covered="1" />
        </class>
        <class
            name="dilhashanazeer/proj1$test/0/$value$(dilhashanazeer$0047proj1$00580$0058$anonType$_1 &amp; readonly)"
            sourcefilename="dilhashanazeer/proj1$test/0/$value$(dilhashanazeer$0047proj1$00580$0058$anonType$_1 &amp; readonly)">
            <method
                name="(dilhashanazeer$0047proj1$00580$0058$anonType$_1 &amp; readonly)$gen$$0046$0060init$0062"
                desc="(Lio/ballerina/runtime/internal/scheduling/Strand;Lio/ballerina/runtime/internal/values/MapValue;)Ljava/lang/Object;"
                line="6">
                <counter type="INSTRUCTION" missed="59" covered="37" />
                <counter type="BRANCH" missed="5" covered="3" />
                <counter type="LINE" missed="0" covered="1" />
                <counter type="COMPLEXITY" missed="5" covered="1" />
                <counter type="METHOD" missed="0" covered="1" />
            </method>
            <method name="get" desc="(Ljava/lang/Object;)Ljava/lang/Object;">
                <counter type="INSTRUCTION" missed="9" covered="0" />
                <counter type="COMPLEXITY" missed="1" covered="0" />
                <counter type="METHOD" missed="1" covered="0" />
            </method>
            <method name="get" desc="(Ljava/lang/String;Ljava/lang/Object;)Ljava/lang/Object;">
                <counter type="INSTRUCTION" missed="15" covered="0" />
                <counter type="BRANCH" missed="4" covered="0" />
                <counter type="COMPLEXITY" missed="3" covered="0" />
                <counter type="METHOD" missed="1" covered="0" />
            </method>
            <method name="putValue" desc="(Ljava/lang/Object;Ljava/lang/Object;)Ljava/lang/Object;">
                <counter type="INSTRUCTION" missed="0" covered="10" />
                <counter type="COMPLEXITY" missed="0" covered="1" />
                <counter type="METHOD" missed="0" covered="1" />
            </method>
            <method name="putValue"
                desc="(Ljava/lang/String;Ljava/lang/Object;Ljava/lang/Object;)Ljava/lang/Object;">
                <counter type="INSTRUCTION" missed="6" covered="13" />
                <counter type="BRANCH" missed="2" covered="2" />
                <counter type="COMPLEXITY" missed="2" covered="1" />
                <counter type="METHOD" missed="0" covered="1" />
            </method>
            <method name="entrySet" desc="()Ljava/util/Set;">
                <counter type="INSTRUCTION" missed="14" covered="0" />
                <counter type="COMPLEXITY" missed="1" covered="0" />
                <counter type="METHOD" missed="1" covered="0" />
            </method>
            <method name="addEntry" desc="(Ljava/util/LinkedHashSet;)V">
                <counter type="INSTRUCTION" missed="11" covered="0" />
                <counter type="COMPLEXITY" missed="1" covered="0" />
                <counter type="METHOD" missed="1" covered="0" />
            </method>
            <method name="containsKey" desc="(Ljava/lang/Object;)Z">
                <counter type="INSTRUCTION" missed="9" covered="0" />
                <counter type="COMPLEXITY" missed="1" covered="0" />
                <counter type="METHOD" missed="1" covered="0" />
            </method>
            <method name="containsKey" desc="(Ljava/lang/String;Ljava/lang/Object;)Z">
                <counter type="INSTRUCTION" missed="14" covered="0" />
                <counter type="BRANCH" missed="4" covered="0" />
                <counter type="COMPLEXITY" missed="3" covered="0" />
                <counter type="METHOD" missed="1" covered="0" />
            </method>
            <method name="values" desc="()Ljava/util/Collection;">
                <counter type="INSTRUCTION" missed="14" covered="0" />
                <counter type="COMPLEXITY" missed="1" covered="0" />
                <counter type="METHOD" missed="1" covered="0" />
            </method>
            <method name="values" desc="(Ljava/util/Collection;)V">
                <counter type="INSTRUCTION" missed="6" covered="0" />
                <counter type="COMPLEXITY" missed="1" covered="0" />
                <counter type="METHOD" missed="1" covered="0" />
            </method>
            <method name="size" desc="()I">
                <counter type="INSTRUCTION" missed="6" covered="0" />
                <counter type="COMPLEXITY" missed="1" covered="0" />
                <counter type="METHOD" missed="1" covered="0" />
            </method>
            <method name="clear" desc="()V">
                <counter type="INSTRUCTION" missed="4" covered="0" />
                <counter type="COMPLEXITY" missed="1" covered="0" />
                <counter type="METHOD" missed="1" covered="0" />
            </method>
            <method name="remove" desc="(Ljava/lang/Object;)Ljava/lang/Object;">
                <counter type="INSTRUCTION" missed="11" covered="0" />
                <counter type="COMPLEXITY" missed="1" covered="0" />
                <counter type="METHOD" missed="1" covered="0" />
            </method>
            <method name="remove" desc="(Ljava/lang/String;Ljava/lang/Object;)Ljava/lang/Object;">
                <counter type="INSTRUCTION" missed="16" covered="0" />
                <counter type="BRANCH" missed="4" covered="0" />
                <counter type="COMPLEXITY" missed="3" covered="0" />
                <counter type="METHOD" missed="1" covered="0" />
            </method>
            <method name="getKeys" desc="()[Ljava/lang/Object;">
                <counter type="INSTRUCTION" missed="18" covered="0" />
                <counter type="COMPLEXITY" missed="1" covered="0" />
                <counter type="METHOD" missed="1" covered="0" />
            </method>
            <method name="getKeys" desc="(Ljava/util/LinkedHashSet;)V">
                <counter type="INSTRUCTION" missed="6" covered="0" />
                <counter type="COMPLEXITY" missed="1" covered="0" />
                <counter type="METHOD" missed="1" covered="0" />
            </method>
            <method name="populateInitialValues"
                desc="([Lio/ballerina/runtime/api/values/BMapInitialValueEntry;)V">
                <counter type="INSTRUCTION" missed="0" covered="4" />
                <counter type="COMPLEXITY" missed="0" covered="1" />
                <counter type="METHOD" missed="0" covered="1" />
            </method>
            <method name="&lt;init&gt;"
                desc="(Lio/ballerina/runtime/internal/values/TypedescValue;)V">
                <counter type="INSTRUCTION" missed="0" covered="4" />
                <counter type="COMPLEXITY" missed="0" covered="1" />
                <counter type="METHOD" missed="0" covered="1" />
            </method>
            <method name="&lt;init&gt;" desc="(Lio/ballerina/runtime/api/types/Type;)V">
                <counter type="INSTRUCTION" missed="4" covered="0" />
                <counter type="COMPLEXITY" missed="1" covered="0" />
                <counter type="METHOD" missed="1" covered="0" />
            </method>
            <method name="$init"
                desc="(Lio/ballerina/runtime/internal/scheduling/Strand;Lio/ballerina/runtime/internal/values/MapValue;)V">
                <counter type="INSTRUCTION" missed="7" covered="0" />
                <counter type="COMPLEXITY" missed="1" covered="0" />
                <counter type="METHOD" missed="1" covered="0" />
            </method>
            <counter type="INSTRUCTION" missed="229" covered="68" />
            <counter type="BRANCH" missed="19" covered="5" />
            <counter type="LINE" missed="0" covered="1" />
            <counter type="COMPLEXITY" missed="29" covered="5" />
            <counter type="METHOD" missed="16" covered="5" />
            <counter type="CLASS" missed="0" covered="1" />
        </class>
        <class
            name="dilhashanazeer/proj1$test/0/$typedesc$(dilhashanazeer$0047proj1$00580$0058$anonType$_1 &amp; readonly)"
            sourcefilename="dilhashanazeer/proj1$test/0/$typedesc$(dilhashanazeer$0047proj1$00580$0058$anonType$_1 &amp; readonly)">
            <method name="&lt;init&gt;"
                desc="(Lio/ballerina/runtime/api/types/Type;[Lio/ballerina/runtime/internal/values/MapValue;)V">
                <counter type="INSTRUCTION" missed="0" covered="5" />
                <counter type="COMPLEXITY" missed="0" covered="1" />
                <counter type="METHOD" missed="0" covered="1" />
            </method>
            <method name="&lt;init&gt;"
                desc="(Lio/ballerina/runtime/api/types/Type;[Lio/ballerina/runtime/internal/values/MapValue;Lio/ballerina/runtime/internal/values/MapValue;)V">
                <counter type="INSTRUCTION" missed="9" covered="0" />
                <counter type="COMPLEXITY" missed="1" covered="0" />
                <counter type="METHOD" missed="1" covered="0" />
            </method>
            <method name="instantiate"
                desc="(Lio/ballerina/runtime/internal/scheduling/Strand;[Lio/ballerina/runtime/api/values/BInitialValueEntry;)Ljava/lang/Object;">
                <counter type="INSTRUCTION" missed="0" covered="20" />
                <counter type="COMPLEXITY" missed="0" covered="1" />
                <counter type="METHOD" missed="0" covered="1" />
            </method>
            <counter type="INSTRUCTION" missed="9" covered="25" />
            <counter type="COMPLEXITY" missed="1" covered="2" />
            <counter type="METHOD" missed="1" covered="2" />
            <counter type="CLASS" missed="0" covered="1" />
        </class>
        <class name="dilhashanazeer/proj1$test/0/$value$$anonType$_1"
            sourcefilename="dilhashanazeer/proj1$test/0/$value$$anonType$_1">
            <method name="$anonType$_1$gen$$0046$0060init$0062"
                desc="(Lio/ballerina/runtime/internal/scheduling/Strand;Lio/ballerina/runtime/internal/values/MapValue;)Ljava/lang/Object;"
                line="6">
                <counter type="INSTRUCTION" missed="59" covered="37" />
                <counter type="BRANCH" missed="5" covered="3" />
                <counter type="LINE" missed="0" covered="1" />
                <counter type="COMPLEXITY" missed="5" covered="1" />
                <counter type="METHOD" missed="0" covered="1" />
            </method>
            <method name="get" desc="(Ljava/lang/Object;)Ljava/lang/Object;">
                <counter type="INSTRUCTION" missed="9" covered="0" />
                <counter type="COMPLEXITY" missed="1" covered="0" />
                <counter type="METHOD" missed="1" covered="0" />
            </method>
            <method name="get" desc="(Ljava/lang/String;Ljava/lang/Object;)Ljava/lang/Object;">
                <counter type="INSTRUCTION" missed="15" covered="0" />
                <counter type="BRANCH" missed="4" covered="0" />
                <counter type="COMPLEXITY" missed="3" covered="0" />
                <counter type="METHOD" missed="1" covered="0" />
            </method>
            <method name="putValue" desc="(Ljava/lang/Object;Ljava/lang/Object;)Ljava/lang/Object;">
                <counter type="INSTRUCTION" missed="10" covered="0" />
                <counter type="COMPLEXITY" missed="1" covered="0" />
                <counter type="METHOD" missed="1" covered="0" />
            </method>
            <method name="putValue"
                desc="(Ljava/lang/String;Ljava/lang/Object;Ljava/lang/Object;)Ljava/lang/Object;">
                <counter type="INSTRUCTION" missed="19" covered="0" />
                <counter type="BRANCH" missed="4" covered="0" />
                <counter type="COMPLEXITY" missed="3" covered="0" />
                <counter type="METHOD" missed="1" covered="0" />
            </method>
            <method name="entrySet" desc="()Ljava/util/Set;">
                <counter type="INSTRUCTION" missed="14" covered="0" />
                <counter type="COMPLEXITY" missed="1" covered="0" />
                <counter type="METHOD" missed="1" covered="0" />
            </method>
            <method name="addEntry" desc="(Ljava/util/LinkedHashSet;)V">
                <counter type="INSTRUCTION" missed="11" covered="0" />
                <counter type="COMPLEXITY" missed="1" covered="0" />
                <counter type="METHOD" missed="1" covered="0" />
            </method>
            <method name="containsKey" desc="(Ljava/lang/Object;)Z">
                <counter type="INSTRUCTION" missed="9" covered="0" />
                <counter type="COMPLEXITY" missed="1" covered="0" />
                <counter type="METHOD" missed="1" covered="0" />
            </method>
            <method name="containsKey" desc="(Ljava/lang/String;Ljava/lang/Object;)Z">
                <counter type="INSTRUCTION" missed="14" covered="0" />
                <counter type="BRANCH" missed="4" covered="0" />
                <counter type="COMPLEXITY" missed="3" covered="0" />
                <counter type="METHOD" missed="1" covered="0" />
            </method>
            <method name="values" desc="()Ljava/util/Collection;">
                <counter type="INSTRUCTION" missed="14" covered="0" />
                <counter type="COMPLEXITY" missed="1" covered="0" />
                <counter type="METHOD" missed="1" covered="0" />
            </method>
            <method name="values" desc="(Ljava/util/Collection;)V">
                <counter type="INSTRUCTION" missed="6" covered="0" />
                <counter type="COMPLEXITY" missed="1" covered="0" />
                <counter type="METHOD" missed="1" covered="0" />
            </method>
            <method name="size" desc="()I">
                <counter type="INSTRUCTION" missed="6" covered="0" />
                <counter type="COMPLEXITY" missed="1" covered="0" />
                <counter type="METHOD" missed="1" covered="0" />
            </method>
            <method name="clear" desc="()V">
                <counter type="INSTRUCTION" missed="4" covered="0" />
                <counter type="COMPLEXITY" missed="1" covered="0" />
                <counter type="METHOD" missed="1" covered="0" />
            </method>
            <method name="remove" desc="(Ljava/lang/Object;)Ljava/lang/Object;">
                <counter type="INSTRUCTION" missed="11" covered="0" />
                <counter type="COMPLEXITY" missed="1" covered="0" />
                <counter type="METHOD" missed="1" covered="0" />
            </method>
            <method name="remove" desc="(Ljava/lang/String;Ljava/lang/Object;)Ljava/lang/Object;">
                <counter type="INSTRUCTION" missed="16" covered="0" />
                <counter type="BRANCH" missed="4" covered="0" />
                <counter type="COMPLEXITY" missed="3" covered="0" />
                <counter type="METHOD" missed="1" covered="0" />
            </method>
            <method name="getKeys" desc="()[Ljava/lang/Object;">
                <counter type="INSTRUCTION" missed="18" covered="0" />
                <counter type="COMPLEXITY" missed="1" covered="0" />
                <counter type="METHOD" missed="1" covered="0" />
            </method>
            <method name="getKeys" desc="(Ljava/util/LinkedHashSet;)V">
                <counter type="INSTRUCTION" missed="6" covered="0" />
                <counter type="COMPLEXITY" missed="1" covered="0" />
                <counter type="METHOD" missed="1" covered="0" />
            </method>
            <method name="populateInitialValues"
                desc="([Lio/ballerina/runtime/api/values/BMapInitialValueEntry;)V">
                <counter type="INSTRUCTION" missed="4" covered="0" />
                <counter type="COMPLEXITY" missed="1" covered="0" />
                <counter type="METHOD" missed="1" covered="0" />
            </method>
            <method name="&lt;init&gt;"
                desc="(Lio/ballerina/runtime/internal/values/TypedescValue;)V">
                <counter type="INSTRUCTION" missed="4" covered="0" />
                <counter type="COMPLEXITY" missed="1" covered="0" />
                <counter type="METHOD" missed="1" covered="0" />
            </method>
            <method name="&lt;init&gt;" desc="(Lio/ballerina/runtime/api/types/Type;)V">
                <counter type="INSTRUCTION" missed="4" covered="0" />
                <counter type="COMPLEXITY" missed="1" covered="0" />
                <counter type="METHOD" missed="1" covered="0" />
            </method>
            <method name="$init"
                desc="(Lio/ballerina/runtime/internal/scheduling/Strand;Lio/ballerina/runtime/internal/values/MapValue;)V">
                <counter type="INSTRUCTION" missed="0" covered="5" />
                <counter type="COMPLEXITY" missed="0" covered="1" />
                <counter type="METHOD" missed="0" covered="1" />
            </method>
            <counter type="INSTRUCTION" missed="253" covered="42" />
            <counter type="BRANCH" missed="21" covered="3" />
            <counter type="LINE" missed="0" covered="1" />
            <counter type="COMPLEXITY" missed="32" covered="2" />
            <counter type="METHOD" missed="19" covered="2" />
            <counter type="CLASS" missed="0" covered="1" />
        </class>
        <class name="dilhashanazeer/proj1$test/0/$configurationMapper">
            <method name="$configureInit"
                desc="([Ljava/lang/String;[Ljava/nio/file/Path;Ljava/lang/String;)V">
                <counter type="INSTRUCTION" missed="156" covered="251" />
                <counter type="BRANCH" missed="44" covered="44" />
                <counter type="COMPLEXITY" missed="44" covered="1" />
                <counter type="METHOD" missed="0" covered="1" />
            </method>
            <method name="$initAndPopulateConfigData"
                desc="()[Lio/ballerina/runtime/internal/configurable/VariableKey;">
                <counter type="INSTRUCTION" missed="0" covered="6" />
                <counter type="COMPLEXITY" missed="0" covered="1" />
                <counter type="METHOD" missed="0" covered="1" />
            </method>
            <counter type="INSTRUCTION" missed="156" covered="257" />
            <counter type="BRANCH" missed="44" covered="44" />
            <counter type="COMPLEXITY" missed="44" covered="2" />
            <counter type="METHOD" missed="0" covered="2" />
            <counter type="CLASS" missed="0" covered="1" />
        </class>
        <sourcefile name="dilhashanazeer/proj1$test/0/$typedesc$$anonType$_1">
            <counter type="INSTRUCTION" missed="27" covered="5" />
            <counter type="COMPLEXITY" missed="2" covered="1" />
            <counter type="METHOD" missed="2" covered="1" />
            <counter type="CLASS" missed="0" covered="1" />
        </sourcefile>
        <sourcefile
            name="dilhashanazeer/proj1$test/0/$typedesc$(dilhashanazeer$0047proj1$00580$0058$anonType$_1 &amp; readonly)">
            <counter type="INSTRUCTION" missed="9" covered="25" />
            <counter type="COMPLEXITY" missed="1" covered="2" />
            <counter type="METHOD" missed="1" covered="2" />
            <counter type="CLASS" missed="0" covered="1" />
        </sourcefile>
        <sourcefile
            name="dilhashanazeer/proj1$test/0/$value$(dilhashanazeer$0047proj1$00580$0058$anonType$_1 &amp; readonly)">
            <line nr="6" mi="57" ci="9" mb="0" cb="0" />
            <counter type="INSTRUCTION" missed="229" covered="68" />
            <counter type="BRANCH" missed="19" covered="5" />
            <counter type="LINE" missed="0" covered="1" />
            <counter type="COMPLEXITY" missed="29" covered="5" />
            <counter type="METHOD" missed="16" covered="5" />
            <counter type="CLASS" missed="0" covered="1" />
        </sourcefile>
        <sourcefile name="dilhashanazeer/proj1$test/0/$value$$anonType$_1">
            <line nr="6" mi="57" ci="9" mb="0" cb="0" />
            <counter type="INSTRUCTION" missed="253" covered="42" />
            <counter type="BRANCH" missed="21" covered="3" />
            <counter type="LINE" missed="0" covered="1" />
            <counter type="COMPLEXITY" missed="32" covered="2" />
            <counter type="METHOD" missed="19" covered="2" />
            <counter type="CLASS" missed="0" covered="1" />
        </sourcefile>
        <counter type="INSTRUCTION" missed="674" covered="397" />
        <counter type="BRANCH" missed="84" covered="52" />
        <counter type="LINE" missed="0" covered="2" />
        <counter type="COMPLEXITY" missed="108" covered="12" />
        <counter type="METHOD" missed="38" covered="12" />
        <counter type="CLASS" missed="0" covered="5" />
    </package>
    <package name="dilhashanazeer/proj1/0/annotations">
        <class name="dilhashanazeer/proj1/0/annotations/$_annotations">
            <method name="$process_annotations0" desc="()V">
                <counter type="INSTRUCTION" missed="0" covered="1" />
                <counter type="COMPLEXITY" missed="0" covered="1" />
                <counter type="METHOD" missed="0" covered="1" />
            </method>
            <method name="$process_annotations" desc="()V">
                <counter type="INSTRUCTION" missed="0" covered="2" />
                <counter type="COMPLEXITY" missed="0" covered="1" />
                <counter type="METHOD" missed="0" covered="1" />
            </method>
            <counter type="INSTRUCTION" missed="0" covered="3" />
            <counter type="COMPLEXITY" missed="0" covered="2" />
            <counter type="METHOD" missed="0" covered="2" />
            <counter type="CLASS" missed="0" covered="1" />
        </class>
        <counter type="INSTRUCTION" missed="0" covered="3" />
        <counter type="COMPLEXITY" missed="0" covered="2" />
        <counter type="METHOD" missed="0" covered="2" />
        <counter type="CLASS" missed="0" covered="1" />
    </package>
    <package name="dilhashanazeer/proj1$test/0/constants">
        <class name="dilhashanazeer/proj1$test/0/constants/$_typeref_type_constants">
            <method name="$typeref_type_init" desc="()V">
                <counter type="INSTRUCTION" missed="0" covered="1" />
                <counter type="COMPLEXITY" missed="0" covered="1" />
                <counter type="METHOD" missed="0" covered="1" />
            </method>
            <method name="$populate_typeref_types" desc="()V">
                <counter type="INSTRUCTION" missed="0" covered="1" />
                <counter type="COMPLEXITY" missed="0" covered="1" />
                <counter type="METHOD" missed="0" covered="1" />
            </method>
            <counter type="INSTRUCTION" missed="0" covered="2" />
            <counter type="COMPLEXITY" missed="0" covered="2" />
            <counter type="METHOD" missed="0" covered="2" />
            <counter type="CLASS" missed="0" covered="1" />
        </class>
        <class name="dilhashanazeer/proj1$test/0/constants/$_module_constants">
            <method name="$module_init0" desc="()V">
                <counter type="INSTRUCTION" missed="0" covered="17" />
                <counter type="COMPLEXITY" missed="0" covered="1" />
                <counter type="METHOD" missed="0" covered="1" />
            </method>
            <method name="&lt;clinit&gt;" desc="()V">
                <counter type="INSTRUCTION" missed="0" covered="2" />
                <counter type="COMPLEXITY" missed="0" covered="1" />
                <counter type="METHOD" missed="0" covered="1" />
            </method>
            <counter type="INSTRUCTION" missed="0" covered="19" />
            <counter type="COMPLEXITY" missed="0" covered="2" />
            <counter type="METHOD" missed="0" covered="2" />
            <counter type="CLASS" missed="0" covered="1" />
        </class>
        <class name="dilhashanazeer/proj1$test/0/constants/$_error_type_constants">
            <method name="$error_type_init" desc="()V">
                <counter type="INSTRUCTION" missed="0" covered="1" />
                <counter type="COMPLEXITY" missed="0" covered="1" />
                <counter type="METHOD" missed="0" covered="1" />
            </method>
            <method name="$populate_error_typeS" desc="()V">
                <counter type="INSTRUCTION" missed="0" covered="1" />
                <counter type="COMPLEXITY" missed="0" covered="1" />
                <counter type="METHOD" missed="0" covered="1" />
            </method>
            <counter type="INSTRUCTION" missed="0" covered="2" />
            <counter type="COMPLEXITY" missed="0" covered="2" />
            <counter type="METHOD" missed="0" covered="2" />
            <counter type="CLASS" missed="0" covered="1" />
        </class>
        <class name="dilhashanazeer/proj1$test/0/constants/$_string_constants_0">
            <method name="$string_init" desc="()V">
                <counter type="INSTRUCTION" missed="0" covered="86" />
                <counter type="COMPLEXITY" missed="0" covered="1" />
                <counter type="METHOD" missed="0" covered="1" />
            </method>
            <method name="&lt;clinit&gt;" desc="()V">
                <counter type="INSTRUCTION" missed="0" covered="2" />
                <counter type="COMPLEXITY" missed="0" covered="1" />
                <counter type="METHOD" missed="0" covered="1" />
            </method>
            <counter type="INSTRUCTION" missed="0" covered="88" />
            <counter type="COMPLEXITY" missed="0" covered="2" />
            <counter type="METHOD" missed="0" covered="2" />
            <counter type="CLASS" missed="0" covered="1" />
        </class>
        <class name="dilhashanazeer/proj1$test/0/constants/$_tuple_type_constants">
            <method name="$tuple_type_init" desc="()V">
                <counter type="INSTRUCTION" missed="0" covered="1" />
                <counter type="COMPLEXITY" missed="0" covered="1" />
                <counter type="METHOD" missed="0" covered="1" />
            </method>
            <method name="$populate_tuple_types" desc="()V">
                <counter type="INSTRUCTION" missed="0" covered="1" />
                <counter type="COMPLEXITY" missed="0" covered="1" />
                <counter type="METHOD" missed="0" covered="1" />
            </method>
            <counter type="INSTRUCTION" missed="0" covered="2" />
            <counter type="COMPLEXITY" missed="0" covered="2" />
            <counter type="METHOD" missed="0" covered="2" />
            <counter type="CLASS" missed="0" covered="1" />
        </class>
        <class name="dilhashanazeer/proj1$test/0/constants/$_array_type_constants">
            <method name="$array_type_init" desc="()V">
                <counter type="INSTRUCTION" missed="0" covered="19" />
                <counter type="COMPLEXITY" missed="0" covered="1" />
                <counter type="METHOD" missed="0" covered="1" />
            </method>
            <method name="$populate$arrayType0" desc="()V">
                <counter type="INSTRUCTION" missed="0" covered="7" />
                <counter type="COMPLEXITY" missed="0" covered="1" />
                <counter type="METHOD" missed="0" covered="1" />
            </method>
            <method name="$populate$arrayType1" desc="()V">
                <counter type="INSTRUCTION" missed="0" covered="7" />
                <counter type="COMPLEXITY" missed="0" covered="1" />
                <counter type="METHOD" missed="0" covered="1" />
            </method>
            <method name="$populate_array_types" desc="()V">
                <counter type="INSTRUCTION" missed="0" covered="3" />
                <counter type="COMPLEXITY" missed="0" covered="1" />
                <counter type="METHOD" missed="0" covered="1" />
            </method>
            <counter type="INSTRUCTION" missed="0" covered="36" />
            <counter type="COMPLEXITY" missed="0" covered="4" />
            <counter type="METHOD" missed="0" covered="4" />
            <counter type="CLASS" missed="0" covered="1" />
        </class>
        <class name="dilhashanazeer/proj1$test/0/constants/$_union_type_constants">
            <method name="$union_type_init" desc="()V">
                <counter type="INSTRUCTION" missed="0" covered="28" />
                <counter type="COMPLEXITY" missed="0" covered="1" />
                <counter type="METHOD" missed="0" covered="1" />
            </method>
            <method name="$populate$unionType0" desc="()V">
                <counter type="INSTRUCTION" missed="0" covered="21" />
                <counter type="COMPLEXITY" missed="0" covered="1" />
                <counter type="METHOD" missed="0" covered="1" />
            </method>
            <method name="createMembers$$unionType00"
                desc="([Lio/ballerina/runtime/api/types/Type;)V">
                <counter type="INSTRUCTION" missed="0" covered="11" />
                <counter type="COMPLEXITY" missed="0" covered="1" />
                <counter type="METHOD" missed="0" covered="1" />
            </method>
            <method name="createMembers$original$unionType00"
                desc="([Lio/ballerina/runtime/api/types/Type;)V">
                <counter type="INSTRUCTION" missed="0" covered="11" />
                <counter type="COMPLEXITY" missed="0" covered="1" />
                <counter type="METHOD" missed="0" covered="1" />
            </method>
            <method name="$populate$unionType1" desc="()V">
                <counter type="INSTRUCTION" missed="0" covered="21" />
                <counter type="COMPLEXITY" missed="0" covered="1" />
                <counter type="METHOD" missed="0" covered="1" />
            </method>
            <method name="createMembers$$unionType10"
                desc="([Lio/ballerina/runtime/api/types/Type;)V">
                <counter type="INSTRUCTION" missed="0" covered="11" />
                <counter type="COMPLEXITY" missed="0" covered="1" />
                <counter type="METHOD" missed="0" covered="1" />
            </method>
            <method name="createMembers$original$unionType10"
                desc="([Lio/ballerina/runtime/api/types/Type;)V">
                <counter type="INSTRUCTION" missed="0" covered="11" />
                <counter type="COMPLEXITY" missed="0" covered="1" />
                <counter type="METHOD" missed="0" covered="1" />
            </method>
            <method name="$populate$unionType2" desc="()V">
                <counter type="INSTRUCTION" missed="0" covered="21" />
                <counter type="COMPLEXITY" missed="0" covered="1" />
                <counter type="METHOD" missed="0" covered="1" />
            </method>
            <method name="createMembers$$unionType20"
                desc="([Lio/ballerina/runtime/api/types/Type;)V">
                <counter type="INSTRUCTION" missed="0" covered="11" />
                <counter type="COMPLEXITY" missed="0" covered="1" />
                <counter type="METHOD" missed="0" covered="1" />
            </method>
            <method name="createMembers$original$unionType20"
                desc="([Lio/ballerina/runtime/api/types/Type;)V">
                <counter type="INSTRUCTION" missed="0" covered="11" />
                <counter type="COMPLEXITY" missed="0" covered="1" />
                <counter type="METHOD" missed="0" covered="1" />
            </method>
            <method name="$populate_union_types" desc="()V">
                <counter type="INSTRUCTION" missed="0" covered="4" />
                <counter type="COMPLEXITY" missed="0" covered="1" />
                <counter type="METHOD" missed="0" covered="1" />
            </method>
            <counter type="INSTRUCTION" missed="0" covered="161" />
            <counter type="COMPLEXITY" missed="0" covered="11" />
            <counter type="METHOD" missed="0" covered="11" />
            <counter type="CLASS" missed="0" covered="1" />
        </class>
        <counter type="INSTRUCTION" missed="0" covered="310" />
        <counter type="COMPLEXITY" missed="0" covered="25" />
        <counter type="METHOD" missed="0" covered="25" />
        <counter type="CLASS" missed="0" covered="7" />
    </package>
    <package name="proj1">
        <class name="proj1/main" sourcefilename="main.bal">
            <method name="&lt;init&gt;" desc="()V">
                <counter type="INSTRUCTION" missed="3" covered="0" />
                <counter type="METHOD" missed="1" covered="0" />
            </method>
            <method name="intializeClient"
                desc="(Lio/ballerina/runtime/internal/scheduling/Strand;)Ljava/lang/Object;"
                line="9">
                <counter type="INSTRUCTION" missed="210" covered="0" />
                <counter type="BRANCH" missed="16" covered="0" />
                <counter type="LINE" missed="2" covered="0" />
                <counter type="METHOD" missed="1" covered="0" />
            </method>
            <method name="getRandomJoke"
                desc="(Lio/ballerina/runtime/internal/scheduling/Strand;Lio/ballerina/runtime/api/values/BString;Lio/ballerina/runtime/api/values/BString;)Ljava/lang/Object;"
                line="15">
                <counter type="INSTRUCTION" missed="784" covered="632" />
                <counter type="BRANCH" missed="98" covered="33" />
                <counter type="LINE" missed="3" covered="10" />
                <counter type="METHOD" missed="0" covered="1" />
            </method>
            <method name="addInt" desc="(Lio/ballerina/runtime/internal/scheduling/Strand;JJ)J"
                line="41">
                <counter type="INSTRUCTION" missed="104" covered="0" />
                <counter type="BRANCH" missed="8" covered="0" />
                <counter type="LINE" missed="2" covered="0" />
                <counter type="METHOD" missed="1" covered="0" />
            </method>
            <method name="$getRandomJoke_category"
                desc="(Lio/ballerina/runtime/internal/scheduling/Strand;Lio/ballerina/runtime/api/values/BString;)Lio/ballerina/runtime/api/values/BString;"
                line="14">
                <counter type="INSTRUCTION" missed="59" covered="37" />
                <counter type="BRANCH" missed="5" covered="3" />
                <counter type="LINE" missed="0" covered="1" />
                <counter type="METHOD" missed="0" covered="1" />
            </method>
            <method name="$annot_func$_1"
                desc="(Lio/ballerina/runtime/internal/scheduling/Strand;)Lio/ballerina/runtime/internal/values/MapValue;"
                line="14">
                <counter type="INSTRUCTION" missed="53" covered="77" />
                <counter type="BRANCH" missed="5" covered="3" />
                <counter type="LINE" missed="0" covered="2" />
                <counter type="METHOD" missed="0" covered="1" />
            </method>
            <method name="$annot_func$_0"
                desc="(Lio/ballerina/runtime/internal/scheduling/Strand;)Lio/ballerina/runtime/internal/values/MapValue;"
                line="14">
                <counter type="INSTRUCTION" missed="77" covered="79" />
                <counter type="BRANCH" missed="7" covered="4" />
                <counter type="LINE" missed="0" covered="2" />
                <counter type="METHOD" missed="0" covered="1" />
            </method>
            <method name="$Client_Client_get_headers$lambda0$"
                desc="([Ljava/lang/Object;)Ljava/lang/Object;">
                <counter type="INSTRUCTION" missed="0" covered="10" />
                <counter type="METHOD" missed="0" covered="1" />
            </method>
            <counter type="INSTRUCTION" missed="1290" covered="835" />
            <counter type="BRANCH" missed="139" covered="43" />
            <counter type="LINE" missed="7" covered="11" />
            <counter type="METHOD" missed="3" covered="5" />
            <counter type="CLASS" missed="0" covered="1" />
        </class>
        <class name="proj1/utils" sourcefilename="utils.bal">
            <method name="&lt;init&gt;" desc="()V">
                <counter type="INSTRUCTION" missed="3" covered="0" />
                <counter type="METHOD" missed="1" covered="0" />
            </method>
            <method name="isCategoryAvailable"
                desc="(Lio/ballerina/runtime/internal/scheduling/Strand;Lio/ballerina/runtime/internal/values/ArrayValue;Lio/ballerina/runtime/api/values/BString;)Z"
                line="5">
                <counter type="INSTRUCTION" missed="135" covered="130" />
                <counter type="BRANCH" missed="16" covered="10" />
                <counter type="LINE" missed="1" covered="4" />
                <counter type="METHOD" missed="0" covered="1" />
            </method>
            <method name="createError"
                desc="(Lio/ballerina/runtime/internal/scheduling/Strand;Lio/ballerina/runtime/api/values/BString;)Lio/ballerina/runtime/internal/values/ErrorValue;"
                line="15">
                <counter type="INSTRUCTION" missed="325" covered="0" />
                <counter type="BRANCH" missed="17" covered="0" />
                <counter type="LINE" missed="4" covered="0" />
                <counter type="METHOD" missed="1" covered="0" />
            </method>
            <counter type="INSTRUCTION" missed="463" covered="130" />
            <counter type="BRANCH" missed="33" covered="10" />
            <counter type="LINE" missed="5" covered="4" />
            <counter type="METHOD" missed="2" covered="1" />
            <counter type="CLASS" missed="0" covered="1" />
        </class>
        <sourcefile name="main.bal">
            <line nr="9" mi="72" ci="0" mb="4" cb="0" />
            <line nr="10" mi="92" ci="0" mb="0" cb="0" />
            <line nr="14" mi="0" ci="147" mb="0" cb="2" />
            <line nr="15" mi="0" ci="2" mb="0" cb="0" />
            <line nr="16" mi="0" ci="279" mb="0" cb="30" />
            <line nr="20" mi="0" ci="63" mb="0" cb="6" />
            <line nr="22" mi="0" ci="31" mb="0" cb="6" />
            <line nr="23" mi="60" ci="0" mb="2" cb="0" />
            <line nr="24" mi="57" ci="0" mb="4" cb="0" />
            <line nr="25" mi="4" ci="0" mb="0" cb="0" />
            <line nr="30" mi="0" ci="283" mb="0" cb="30" />
            <line nr="32" mi="0" ci="2" mb="0" cb="0" />
            <line nr="33" mi="0" ci="37" mb="0" cb="4" />
            <line nr="35" mi="0" ci="38" mb="0" cb="4" />
            <line nr="36" mi="0" ci="4" mb="0" cb="0" />
            <line nr="38" mi="0" ci="537" mb="0" cb="0" />
            <line nr="41" mi="6" ci="0" mb="0" cb="0" />
            <line nr="42" mi="68" ci="0" mb="0" cb="0" />
            <counter type="INSTRUCTION" missed="1290" covered="835" />
            <counter type="BRANCH" missed="139" covered="43" />
            <counter type="LINE" missed="7" covered="11" />
            <counter type="METHOD" missed="3" covered="5" />
            <counter type="CLASS" missed="0" covered="1" />
        </sourcefile>
        <sourcefile name="utils.bal">
            <line nr="5" mi="0" ci="66" mb="0" cb="8" />
            <line nr="6" mi="0" ci="26" mb="0" cb="4" />
            <line nr="7" mi="0" ci="4" mb="0" cb="0" />
            <line nr="10" mi="4" ci="0" mb="0" cb="0" />
            <line nr="11" mi="0" ci="117" mb="0" cb="0" />
            <line nr="15" mi="50" ci="0" mb="2" cb="0" />
            <line nr="16" mi="91" ci="0" mb="4" cb="0" />
            <line nr="17" mi="4" ci="0" mb="0" cb="0" />
            <line nr="18" mi="122" ci="0" mb="0" cb="0" />
            <counter type="INSTRUCTION" missed="463" covered="130" />
            <counter type="BRANCH" missed="33" covered="10" />
            <counter type="LINE" missed="5" covered="4" />
            <counter type="METHOD" missed="2" covered="1" />
            <counter type="CLASS" missed="0" covered="1" />
        </sourcefile>
        <counter type="INSTRUCTION" missed="1753" covered="965" />
        <counter type="BRANCH" missed="172" covered="53" />
        <counter type="LINE" missed="12" covered="15" />
        <counter type="METHOD" missed="5" covered="6" />
        <counter type="CLASS" missed="0" covered="2" />
    </package>
    <package name="dilhashanazeer/proj1$test/0/annotations">
        <class name="dilhashanazeer/proj1$test/0/annotations/$_annotations">
            <method name="$process_annotations0" desc="()V">
                <counter type="INSTRUCTION" missed="0" covered="7" />
                <counter type="COMPLEXITY" missed="0" covered="1" />
                <counter type="METHOD" missed="0" covered="1" />
            </method>
            <method name="$process_annotations" desc="()V">
                <counter type="INSTRUCTION" missed="0" covered="2" />
                <counter type="COMPLEXITY" missed="0" covered="1" />
                <counter type="METHOD" missed="0" covered="1" />
            </method>
            <counter type="INSTRUCTION" missed="0" covered="9" />
            <counter type="COMPLEXITY" missed="0" covered="2" />
            <counter type="METHOD" missed="0" covered="2" />
            <counter type="CLASS" missed="0" covered="1" />
        </class>
        <counter type="INSTRUCTION" missed="0" covered="9" />
        <counter type="COMPLEXITY" missed="0" covered="2" />
        <counter type="METHOD" missed="0" covered="2" />
        <counter type="CLASS" missed="0" covered="1" />
    </package>
    <package name="dilhashanazeer/proj1$test/0/types">
        <class name="dilhashanazeer/proj1$test/0/types/$_anon_types">
            <method name="getAnonType"
                desc="(ILjava/lang/String;)Lio/ballerina/runtime/api/types/Type;">
                <counter type="INSTRUCTION" missed="4" covered="0" />
                <counter type="COMPLEXITY" missed="1" covered="0" />
                <counter type="METHOD" missed="1" covered="0" />
            </method>
            <method name="getAnonType0"
                desc="(ILjava/lang/String;)Lio/ballerina/runtime/api/types/Type;">
                <counter type="INSTRUCTION" missed="20" covered="0" />
                <counter type="BRANCH" missed="3" covered="0" />
                <counter type="COMPLEXITY" missed="3" covered="0" />
                <counter type="METHOD" missed="1" covered="0" />
            </method>
            <counter type="INSTRUCTION" missed="24" covered="0" />
            <counter type="BRANCH" missed="3" covered="0" />
            <counter type="COMPLEXITY" missed="4" covered="0" />
            <counter type="METHOD" missed="2" covered="0" />
            <counter type="CLASS" missed="1" covered="0" />
        </class>
        <class name="dilhashanazeer/proj1$test/0/types/$_union_types" />
        <class name="dilhashanazeer/proj1$test/0/types/$_error_types" />
        <class name="dilhashanazeer/proj1$test/0/types/$_record_types">
            <method name="$populate$type$$anonType$_1" desc="()V">
                <counter type="INSTRUCTION" missed="0" covered="35" />
                <counter type="COMPLEXITY" missed="0" covered="1" />
                <counter type="METHOD" missed="0" covered="1" />
            </method>
            <method name="$populate$type$$anonType$_1$addField$" desc="(Ljava/util/LinkedHashMap;)V">
                <counter type="INSTRUCTION" missed="0" covered="23" />
                <counter type="COMPLEXITY" missed="0" covered="1" />
                <counter type="METHOD" missed="0" covered="1" />
            </method>
            <method
                name="$populate$type$(dilhashanazeer$0047proj1$00580$0058$anonType$_1 &amp; readonly)"
                desc="()V">
                <counter type="INSTRUCTION" missed="0" covered="13" />
                <counter type="COMPLEXITY" missed="0" covered="1" />
                <counter type="METHOD" missed="0" covered="1" />
            </method>
            <method
                name="$populate$type$(dilhashanazeer$0047proj1$00580$0058$anonType$_1 &amp; readonly)$addField$"
                desc="(Ljava/util/LinkedHashMap;)V">
                <counter type="INSTRUCTION" missed="0" covered="23" />
                <counter type="COMPLEXITY" missed="0" covered="1" />
                <counter type="METHOD" missed="0" covered="1" />
            </method>
            <counter type="INSTRUCTION" missed="0" covered="94" />
            <counter type="COMPLEXITY" missed="0" covered="4" />
            <counter type="METHOD" missed="0" covered="4" />
            <counter type="CLASS" missed="0" covered="1" />
        </class>
        <class name="dilhashanazeer/proj1$test/0/types/$_types">
            <method name="$createTypeConstants" desc="()V">
                <counter type="INSTRUCTION" missed="0" covered="11" />
                <counter type="COMPLEXITY" missed="0" covered="1" />
                <counter type="METHOD" missed="0" covered="1" />
            </method>
            <method name="$createTypeInstances0" desc="()V">
                <counter type="INSTRUCTION" missed="0" covered="35" />
                <counter type="COMPLEXITY" missed="0" covered="1" />
                <counter type="METHOD" missed="0" covered="1" />
            </method>
            <method name="$createTypeInstances" desc="()V">
                <counter type="INSTRUCTION" missed="0" covered="2" />
                <counter type="COMPLEXITY" missed="0" covered="1" />
                <counter type="METHOD" missed="0" covered="1" />
            </method>
            <method name="$createTypes" desc="()V">
                <counter type="INSTRUCTION" missed="0" covered="5" />
                <counter type="COMPLEXITY" missed="0" covered="1" />
                <counter type="METHOD" missed="0" covered="1" />
            </method>
            <counter type="INSTRUCTION" missed="0" covered="53" />
            <counter type="COMPLEXITY" missed="0" covered="4" />
            <counter type="METHOD" missed="0" covered="4" />
            <counter type="CLASS" missed="0" covered="1" />
        </class>
        <class name="dilhashanazeer/proj1$test/0/types/$_object_types" />
        <class name="dilhashanazeer/proj1$test/0/types/$_tuple_types" />
        <counter type="INSTRUCTION" missed="24" covered="147" />
        <counter type="BRANCH" missed="3" covered="0" />
        <counter type="COMPLEXITY" missed="4" covered="8" />
        <counter type="METHOD" missed="2" covered="8" />
        <counter type="CLASS" missed="1" covered="2" />
    </package>
    <package name="dilhashanazeer/proj1/0">
        <class name="dilhashanazeer/proj1/0/$configurationMapper">
            <method name="$configureInit"
                desc="([Ljava/lang/String;[Ljava/nio/file/Path;Ljava/lang/String;)V">
                <counter type="INSTRUCTION" missed="389" covered="0" />
                <counter type="BRANCH" missed="84" covered="0" />
                <counter type="COMPLEXITY" missed="43" covered="0" />
                <counter type="METHOD" missed="1" covered="0" />
            </method>
            <method name="$initAndPopulateConfigData"
                desc="()[Lio/ballerina/runtime/internal/configurable/VariableKey;">
                <counter type="INSTRUCTION" missed="0" covered="6" />
                <counter type="COMPLEXITY" missed="0" covered="1" />
                <counter type="METHOD" missed="0" covered="1" />
            </method>
            <counter type="INSTRUCTION" missed="389" covered="6" />
            <counter type="BRANCH" missed="84" covered="0" />
            <counter type="COMPLEXITY" missed="43" covered="1" />
            <counter type="METHOD" missed="1" covered="1" />
            <counter type="CLASS" missed="0" covered="1" />
        </class>
        <counter type="INSTRUCTION" missed="389" covered="6" />
        <counter type="BRANCH" missed="84" covered="0" />
        <counter type="COMPLEXITY" missed="43" covered="1" />
        <counter type="METHOD" missed="1" covered="1" />
        <counter type="CLASS" missed="0" covered="1" />
    </package>
    <package name="dilhashanazeer/proj1/0/constants">
        <class name="dilhashanazeer/proj1/0/constants/$_union_type_constants">
            <method name="$union_type_init" desc="()V">
                <counter type="INSTRUCTION" missed="0" covered="28" />
                <counter type="COMPLEXITY" missed="0" covered="1" />
                <counter type="METHOD" missed="0" covered="1" />
            </method>
            <method name="$populate$unionType0" desc="()V">
                <counter type="INSTRUCTION" missed="0" covered="21" />
                <counter type="COMPLEXITY" missed="0" covered="1" />
                <counter type="METHOD" missed="0" covered="1" />
            </method>
            <method name="createMembers$$unionType00"
                desc="([Lio/ballerina/runtime/api/types/Type;)V">
                <counter type="INSTRUCTION" missed="0" covered="15" />
                <counter type="COMPLEXITY" missed="0" covered="1" />
                <counter type="METHOD" missed="0" covered="1" />
            </method>
            <method name="createMembers$original$unionType00"
                desc="([Lio/ballerina/runtime/api/types/Type;)V">
                <counter type="INSTRUCTION" missed="0" covered="15" />
                <counter type="COMPLEXITY" missed="0" covered="1" />
                <counter type="METHOD" missed="0" covered="1" />
            </method>
            <method name="$populate$unionType1" desc="()V">
                <counter type="INSTRUCTION" missed="0" covered="21" />
                <counter type="COMPLEXITY" missed="0" covered="1" />
                <counter type="METHOD" missed="0" covered="1" />
            </method>
            <method name="createMembers$$unionType10"
                desc="([Lio/ballerina/runtime/api/types/Type;)V">
                <counter type="INSTRUCTION" missed="0" covered="11" />
                <counter type="COMPLEXITY" missed="0" covered="1" />
                <counter type="METHOD" missed="0" covered="1" />
            </method>
            <method name="createMembers$original$unionType10"
                desc="([Lio/ballerina/runtime/api/types/Type;)V">
                <counter type="INSTRUCTION" missed="0" covered="11" />
                <counter type="COMPLEXITY" missed="0" covered="1" />
                <counter type="METHOD" missed="0" covered="1" />
            </method>
            <method name="$populate$unionType2" desc="()V">
                <counter type="INSTRUCTION" missed="0" covered="21" />
                <counter type="COMPLEXITY" missed="0" covered="1" />
                <counter type="METHOD" missed="0" covered="1" />
            </method>
            <method name="createMembers$$unionType20"
                desc="([Lio/ballerina/runtime/api/types/Type;)V">
                <counter type="INSTRUCTION" missed="0" covered="16" />
                <counter type="COMPLEXITY" missed="0" covered="1" />
                <counter type="METHOD" missed="0" covered="1" />
            </method>
            <method name="createMembers$original$unionType20"
                desc="([Lio/ballerina/runtime/api/types/Type;)V">
                <counter type="INSTRUCTION" missed="0" covered="16" />
                <counter type="COMPLEXITY" missed="0" covered="1" />
                <counter type="METHOD" missed="0" covered="1" />
            </method>
            <method name="$populate_union_types" desc="()V">
                <counter type="INSTRUCTION" missed="0" covered="4" />
                <counter type="COMPLEXITY" missed="0" covered="1" />
                <counter type="METHOD" missed="0" covered="1" />
            </method>
            <counter type="INSTRUCTION" missed="0" covered="179" />
            <counter type="COMPLEXITY" missed="0" covered="11" />
            <counter type="METHOD" missed="0" covered="11" />
            <counter type="CLASS" missed="0" covered="1" />
        </class>
        <class name="dilhashanazeer/proj1/0/constants/$_array_type_constants">
            <method name="$array_type_init" desc="()V">
                <counter type="INSTRUCTION" missed="0" covered="28" />
                <counter type="COMPLEXITY" missed="0" covered="1" />
                <counter type="METHOD" missed="0" covered="1" />
            </method>
            <method name="$populate$arrayType1" desc="()V">
                <counter type="INSTRUCTION" missed="0" covered="7" />
                <counter type="COMPLEXITY" missed="0" covered="1" />
                <counter type="METHOD" missed="0" covered="1" />
            </method>
            <method name="$populate$arrayType2" desc="()V">
                <counter type="INSTRUCTION" missed="0" covered="7" />
                <counter type="COMPLEXITY" missed="0" covered="1" />
                <counter type="METHOD" missed="0" covered="1" />
            </method>
            <method name="$populate_array_types" desc="()V">
                <counter type="INSTRUCTION" missed="0" covered="3" />
                <counter type="COMPLEXITY" missed="0" covered="1" />
                <counter type="METHOD" missed="0" covered="1" />
            </method>
            <counter type="INSTRUCTION" missed="0" covered="45" />
            <counter type="COMPLEXITY" missed="0" covered="4" />
            <counter type="METHOD" missed="0" covered="4" />
            <counter type="CLASS" missed="0" covered="1" />
        </class>
        <class name="dilhashanazeer/proj1/0/constants/$_typeref_type_constants">
            <method name="$typeref_type_init" desc="()V">
                <counter type="INSTRUCTION" missed="0" covered="1" />
                <counter type="COMPLEXITY" missed="0" covered="1" />
                <counter type="METHOD" missed="0" covered="1" />
            </method>
            <method name="$populate_typeref_types" desc="()V">
                <counter type="INSTRUCTION" missed="0" covered="1" />
                <counter type="COMPLEXITY" missed="0" covered="1" />
                <counter type="METHOD" missed="0" covered="1" />
            </method>
            <counter type="INSTRUCTION" missed="0" covered="2" />
            <counter type="COMPLEXITY" missed="0" covered="2" />
            <counter type="METHOD" missed="0" covered="2" />
            <counter type="CLASS" missed="0" covered="1" />
        </class>
        <class name="dilhashanazeer/proj1/0/constants/$_tuple_type_constants">
            <method name="$tuple_type_init" desc="()V">
                <counter type="INSTRUCTION" missed="0" covered="1" />
                <counter type="COMPLEXITY" missed="0" covered="1" />
                <counter type="METHOD" missed="0" covered="1" />
            </method>
            <method name="$populate_tuple_types" desc="()V">
                <counter type="INSTRUCTION" missed="0" covered="1" />
                <counter type="COMPLEXITY" missed="0" covered="1" />
                <counter type="METHOD" missed="0" covered="1" />
            </method>
            <counter type="INSTRUCTION" missed="0" covered="2" />
            <counter type="COMPLEXITY" missed="0" covered="2" />
            <counter type="METHOD" missed="0" covered="2" />
            <counter type="CLASS" missed="0" covered="1" />
        </class>
        <class name="dilhashanazeer/proj1/0/constants/$_string_constants_0">
            <method name="$string_init" desc="()V">
                <counter type="INSTRUCTION" missed="0" covered="86" />
                <counter type="COMPLEXITY" missed="0" covered="1" />
                <counter type="METHOD" missed="0" covered="1" />
            </method>
            <method name="&lt;clinit&gt;" desc="()V">
                <counter type="INSTRUCTION" missed="0" covered="2" />
                <counter type="COMPLEXITY" missed="0" covered="1" />
                <counter type="METHOD" missed="0" covered="1" />
            </method>
            <counter type="INSTRUCTION" missed="0" covered="88" />
            <counter type="COMPLEXITY" missed="0" covered="2" />
            <counter type="METHOD" missed="0" covered="2" />
            <counter type="CLASS" missed="0" covered="1" />
        </class>
        <class name="dilhashanazeer/proj1/0/constants/$_error_type_constants">
            <method name="$error_type_init" desc="()V">
                <counter type="INSTRUCTION" missed="0" covered="1" />
                <counter type="COMPLEXITY" missed="0" covered="1" />
                <counter type="METHOD" missed="0" covered="1" />
            </method>
            <method name="$populate_error_typeS" desc="()V">
                <counter type="INSTRUCTION" missed="0" covered="1" />
                <counter type="COMPLEXITY" missed="0" covered="1" />
                <counter type="METHOD" missed="0" covered="1" />
            </method>
            <counter type="INSTRUCTION" missed="0" covered="2" />
            <counter type="COMPLEXITY" missed="0" covered="2" />
            <counter type="METHOD" missed="0" covered="2" />
            <counter type="CLASS" missed="0" covered="1" />
        </class>
        <class name="dilhashanazeer/proj1/0/constants/$_module_constants">
            <method name="$module_init0" desc="()V">
                <counter type="INSTRUCTION" missed="0" covered="25" />
                <counter type="COMPLEXITY" missed="0" covered="1" />
                <counter type="METHOD" missed="0" covered="1" />
            </method>
            <method name="&lt;clinit&gt;" desc="()V">
                <counter type="INSTRUCTION" missed="0" covered="2" />
                <counter type="COMPLEXITY" missed="0" covered="1" />
                <counter type="METHOD" missed="0" covered="1" />
            </method>
            <counter type="INSTRUCTION" missed="0" covered="27" />
            <counter type="COMPLEXITY" missed="0" covered="2" />
            <counter type="METHOD" missed="0" covered="2" />
            <counter type="CLASS" missed="0" covered="1" />
        </class>
        <counter type="INSTRUCTION" missed="0" covered="345" />
        <counter type="COMPLEXITY" missed="0" covered="25" />
        <counter type="METHOD" missed="0" covered="25" />
        <counter type="CLASS" missed="0" covered="7" />
    </package>
    <counter type="INSTRUCTION" missed="3347" covered="2197" />
    <counter type="BRANCH" missed="430" covered="105" />
    <counter type="LINE" missed="12" covered="17" />
    <counter type="COMPLEXITY" missed="225" covered="78" />
    <counter type="METHOD" missed="60" covered="84" />
    <counter type="CLASS" missed="10" covered="27" />
</report>